{"D:/New folder (2)/IE213_FE/src/App.jsx": {"path":"D:/New folder (2)/IE213_FE/src/App.jsx","statementMap":{"0":{"start":{"line":6,"column":17},"end":{"line":6,"column":null}},"1":{"start":{"line":6,"column":34},"end":{"line":6,"column":76}},"2":{"start":{"line":13,"column":34},"end":{"line":13,"column":null}},"3":{"start":{"line":15,"column":4},"end":{"line":17,"column":null}},"4":{"start":{"line":16,"column":8},"end":{"line":16,"column":null}},"5":{"start":{"line":19,"column":4},"end":{"line":19,"column":null}},"6":{"start":{"line":19,"column":17},"end":{"line":19,"column":null}},"7":{"start":{"line":21,"column":4},"end":{"line":31,"column":null}}},"fnMap":{"0":{"name":"(anonymous_0)","decl":{"start":{"line":6,"column":28},"end":{"line":6,"column":34}},"loc":{"start":{"line":6,"column":34},"end":{"line":6,"column":76}}},"1":{"name":"App","decl":{"start":{"line":12,"column":9},"end":{"line":12,"column":15}},"loc":{"start":{"line":12,"column":15},"end":{"line":33,"column":null}}},"2":{"name":"(anonymous_2)","decl":{"start":{"line":15,"column":14},"end":{"line":15,"column":20}},"loc":{"start":{"line":15,"column":20},"end":{"line":17,"column":7}}}},"branchMap":{"0":{"loc":{"start":{"line":19,"column":4},"end":{"line":19,"column":null}},"type":"if","locations":[{"start":{"line":19,"column":4},"end":{"line":19,"column":null}},{"start":{},"end":{}}]}},"s":{"0":0,"1":0,"2":0,"3":0,"4":0,"5":0,"6":0,"7":0},"f":{"0":0,"1":0,"2":0},"b":{"0":[0,0]}}
,"D:/New folder (2)/IE213_FE/src/main.jsx": {"path":"D:/New folder (2)/IE213_FE/src/main.jsx","statementMap":{"0":{"start":{"line":5,"column":0},"end":{"line":9,"column":null}}},"fnMap":{},"branchMap":{},"s":{"0":0},"f":{},"b":{}}
,"D:/New folder (2)/IE213_FE/src/components/Calendar/Calendar.tsx": {"path":"D:/New folder (2)/IE213_FE/src/components/Calendar/Calendar.tsx","statementMap":{"0":{"start":{"line":15,"column":19},"end":{"line":35,"column":null}},"1":{"start":{"line":38,"column":25},"end":{"line":38,"column":null}},"2":{"start":{"line":39,"column":21},"end":{"line":39,"column":null}},"3":{"start":{"line":41,"column":4},"end":{"line":110,"column":null}},"4":{"start":{"line":115,"column":4},"end":{"line":115,"column":null}}},"fnMap":{"0":{"name":"IconComponent","decl":{"start":{"line":37,"column":9},"end":{"line":37,"column":23}},"loc":{"start":{"line":37,"column":58},"end":{"line":112,"column":null}}},"1":{"name":"Calendar","decl":{"start":{"line":114,"column":9},"end":{"line":114,"column":18}},"loc":{"start":{"line":114,"column":40},"end":{"line":116,"column":null}}}},"branchMap":{},"s":{"0":0,"1":0,"2":0,"3":0,"4":0},"f":{"0":0,"1":0},"b":{}}
,"D:/New folder (2)/IE213_FE/src/components/PatientChart/PatientChart.jsx": {"path":"D:/New folder (2)/IE213_FE/src/components/PatientChart/PatientChart.jsx","statementMap":{"0":{"start":{"line":16,"column":0},"end":{"line":16,"column":null}},"1":{"start":{"line":28,"column":19},"end":{"line":170,"column":null}},"2":{"start":{"line":172,"column":21},"end":{"line":172,"column":null}},"3":{"start":{"line":173,"column":24},"end":{"line":173,"column":null}},"4":{"start":{"line":173,"column":47},"end":{"line":173,"column":61}},"5":{"start":{"line":181,"column":4},"end":{"line":206,"column":null}},"6":{"start":{"line":183,"column":24},"end":{"line":202,"column":null}},"7":{"start":{"line":184,"column":26},"end":{"line":184,"column":null}},"8":{"start":{"line":185,"column":12},"end":{"line":185,"column":null}},"9":{"start":{"line":185,"column":24},"end":{"line":185,"column":null}},"10":{"start":{"line":188,"column":30},"end":{"line":188,"column":null}},"11":{"start":{"line":189,"column":29},"end":{"line":189,"column":null}},"12":{"start":{"line":194,"column":31},"end":{"line":199,"column":null}},"13":{"start":{"line":195,"column":16},"end":{"line":195,"column":null}},"14":{"start":{"line":196,"column":16},"end":{"line":198,"column":null}},"15":{"start":{"line":197,"column":20},"end":{"line":197,"column":null}},"16":{"start":{"line":201,"column":12},"end":{"line":201,"column":null}},"17":{"start":{"line":205,"column":8},"end":{"line":205,"column":null}},"18":{"start":{"line":205,"column":21},"end":{"line":205,"column":null}},"19":{"start":{"line":208,"column":4},"end":{"line":219,"column":null}}},"fnMap":{"0":{"name":"PatientChart","decl":{"start":{"line":23,"column":24},"end":{"line":23,"column":39}},"loc":{"start":{"line":23,"column":39},"end":{"line":221,"column":null}}},"1":{"name":"(anonymous_1)","decl":{"start":{"line":173,"column":40},"end":{"line":173,"column":41}},"loc":{"start":{"line":173,"column":47},"end":{"line":173,"column":61}}},"2":{"name":"(anonymous_2)","decl":{"start":{"line":181,"column":14},"end":{"line":181,"column":20}},"loc":{"start":{"line":181,"column":20},"end":{"line":206,"column":7}}},"3":{"name":"(anonymous_3)","decl":{"start":{"line":183,"column":35},"end":{"line":183,"column":41}},"loc":{"start":{"line":183,"column":41},"end":{"line":202,"column":11}}},"4":{"name":"(anonymous_4)","decl":{"start":{"line":194,"column":31},"end":{"line":194,"column":37}},"loc":{"start":{"line":194,"column":37},"end":{"line":199,"column":null}}},"5":{"name":"(anonymous_5)","decl":{"start":{"line":205,"column":15},"end":{"line":205,"column":21}},"loc":{"start":{"line":205,"column":21},"end":{"line":205,"column":null}}}},"branchMap":{"0":{"loc":{"start":{"line":185,"column":12},"end":{"line":185,"column":null}},"type":"if","locations":[{"start":{"line":185,"column":12},"end":{"line":185,"column":null}},{"start":{},"end":{}}]},"1":{"loc":{"start":{"line":196,"column":16},"end":{"line":198,"column":null}},"type":"if","locations":[{"start":{"line":196,"column":16},"end":{"line":198,"column":null}},{"start":{},"end":{}}]}},"s":{"0":0,"1":0,"2":0,"3":0,"4":0,"5":0,"6":0,"7":0,"8":0,"9":0,"10":0,"11":0,"12":0,"13":0,"14":0,"15":0,"16":0,"17":0,"18":0,"19":0},"f":{"0":0,"1":0,"2":0,"3":0,"4":0,"5":0},"b":{"0":[0,0],"1":[0,0]}}
,"D:/New folder (2)/IE213_FE/src/components/Sidebar/MobileSheet.jsx": {"path":"D:/New folder (2)/IE213_FE/src/components/Sidebar/MobileSheet.jsx","statementMap":{"0":{"start":{"line":17,"column":22},"end":{"line":34,"column":null}},"1":{"start":{"line":40,"column":24},"end":{"line":55,"column":null}},"2":{"start":{"line":62,"column":16},"end":{"line":76,"column":null}},"3":{"start":{"line":63,"column":4},"end":{"line":74,"column":null}},"4":{"start":{"line":85,"column":25},"end":{"line":85,"column":null}},"5":{"start":{"line":86,"column":28},"end":{"line":86,"column":null}},"6":{"start":{"line":89,"column":32},"end":{"line":89,"column":null}},"7":{"start":{"line":92,"column":17},"end":{"line":92,"column":null}},"8":{"start":{"line":97,"column":24},"end":{"line":97,"column":null}},"9":{"start":{"line":97,"column":30},"end":{"line":97,"column":null}},"10":{"start":{"line":99,"column":4},"end":{"line":192,"column":null}},"11":{"start":{"line":103,"column":31},"end":{"line":103,"column":null}},"12":{"start":{"line":149,"column":32},"end":{"line":156,"column":null}}},"fnMap":{"0":{"name":"(anonymous_0)","decl":{"start":{"line":62,"column":16},"end":{"line":62,"column":17}},"loc":{"start":{"line":62,"column":64},"end":{"line":76,"column":null}}},"1":{"name":"MobileSheet","decl":{"start":{"line":83,"column":24},"end":{"line":83,"column":36}},"loc":{"start":{"line":83,"column":51},"end":{"line":194,"column":null}}},"2":{"name":"(anonymous_2)","decl":{"start":{"line":97,"column":24},"end":{"line":97,"column":30}},"loc":{"start":{"line":97,"column":30},"end":{"line":97,"column":null}}},"3":{"name":"(anonymous_3)","decl":{"start":{"line":103,"column":25},"end":{"line":103,"column":31}},"loc":{"start":{"line":103,"column":31},"end":{"line":103,"column":null}}},"4":{"name":"(anonymous_4)","decl":{"start":{"line":148,"column":42},"end":{"line":148,"column":43}},"loc":{"start":{"line":149,"column":32},"end":{"line":156,"column":null}}}},"branchMap":{"0":{"loc":{"start":{"line":68,"column":22},"end":{"line":68,"column":94}},"type":"cond-expr","locations":[{"start":{"line":68,"column":31},"end":{"line":68,"column":62}},{"start":{"line":68,"column":62},"end":{"line":68,"column":94}}]},"1":{"loc":{"start":{"line":114,"column":17},"end":{"line":121,"column":null}},"type":"binary-expr","locations":[{"start":{"line":114,"column":17},"end":{"line":114,"column":null}},{"start":{"line":115,"column":20},"end":{"line":121,"column":null}}]},"2":{"loc":{"start":{"line":127,"column":17},"end":{"line":189,"column":null}},"type":"binary-expr","locations":[{"start":{"line":127,"column":17},"end":{"line":127,"column":null}},{"start":{"line":128,"column":20},"end":{"line":189,"column":null}}]},"3":{"loc":{"start":{"line":160,"column":29},"end":{"line":180,"column":null}},"type":"binary-expr","locations":[{"start":{"line":160,"column":29},"end":{"line":160,"column":null}},{"start":{"line":161,"column":32},"end":{"line":180,"column":null}}]},"4":{"loc":{"start":{"line":165,"column":49},"end":{"line":165,"column":null}},"type":"cond-expr","locations":[{"start":{"line":165,"column":63},"end":{"line":165,"column":72}},{"start":{"line":165,"column":72},"end":{"line":165,"column":null}}]}},"s":{"0":0,"1":0,"2":0,"3":0,"4":0,"5":0,"6":0,"7":0,"8":0,"9":0,"10":0,"11":0,"12":0},"f":{"0":0,"1":0,"2":0,"3":0,"4":0},"b":{"0":[0,0],"1":[0,0],"2":[0,0],"3":[0,0],"4":[0,0]}}
,"D:/New folder (2)/IE213_FE/src/components/Sidebar/Sidebar.jsx": {"path":"D:/New folder (2)/IE213_FE/src/components/Sidebar/Sidebar.jsx","statementMap":{"0":{"start":{"line":18,"column":22},"end":{"line":35,"column":null}},"1":{"start":{"line":41,"column":24},"end":{"line":56,"column":null}},"2":{"start":{"line":63,"column":16},"end":{"line":85,"column":null}},"3":{"start":{"line":64,"column":4},"end":{"line":83,"column":null}},"4":{"start":{"line":95,"column":25},"end":{"line":95,"column":null}},"5":{"start":{"line":98,"column":17},"end":{"line":98,"column":null}},"6":{"start":{"line":99,"column":21},"end":{"line":99,"column":null}},"7":{"start":{"line":105,"column":24},"end":{"line":105,"column":null}},"8":{"start":{"line":105,"column":47},"end":{"line":105,"column":61}},"9":{"start":{"line":106,"column":26},"end":{"line":106,"column":null}},"10":{"start":{"line":106,"column":49},"end":{"line":106,"column":65}},"11":{"start":{"line":108,"column":4},"end":{"line":204,"column":null}},"12":{"start":{"line":169,"column":16},"end":{"line":176,"column":null}}},"fnMap":{"0":{"name":"(anonymous_0)","decl":{"start":{"line":63,"column":16},"end":{"line":63,"column":17}},"loc":{"start":{"line":63,"column":68},"end":{"line":85,"column":null}}},"1":{"name":"Sidebar","decl":{"start":{"line":93,"column":24},"end":{"line":93,"column":32}},"loc":{"start":{"line":93,"column":47},"end":{"line":206,"column":null}}},"2":{"name":"(anonymous_2)","decl":{"start":{"line":105,"column":40},"end":{"line":105,"column":41}},"loc":{"start":{"line":105,"column":47},"end":{"line":105,"column":61}}},"3":{"name":"(anonymous_3)","decl":{"start":{"line":106,"column":42},"end":{"line":106,"column":43}},"loc":{"start":{"line":106,"column":49},"end":{"line":106,"column":65}}},"4":{"name":"(anonymous_4)","decl":{"start":{"line":168,"column":26},"end":{"line":168,"column":27}},"loc":{"start":{"line":169,"column":16},"end":{"line":176,"column":null}}}},"branchMap":{"0":{"loc":{"start":{"line":69,"column":12},"end":{"line":69,"column":89}},"type":"cond-expr","locations":[{"start":{"line":69,"column":21},"end":{"line":69,"column":52}},{"start":{"line":69,"column":52},"end":{"line":69,"column":89}}]},"1":{"loc":{"start":{"line":70,"column":12},"end":{"line":70,"column":54}},"type":"cond-expr","locations":[{"start":{"line":70,"column":26},"end":{"line":70,"column":38}},{"start":{"line":70,"column":38},"end":{"line":70,"column":54}}]},"2":{"loc":{"start":{"line":76,"column":29},"end":{"line":76,"column":null}},"type":"cond-expr","locations":[{"start":{"line":76,"column":43},"end":{"line":76,"column":52}},{"start":{"line":76,"column":52},"end":{"line":76,"column":null}}]},"3":{"loc":{"start":{"line":111,"column":10},"end":{"line":111,"column":48}},"type":"cond-expr","locations":[{"start":{"line":111,"column":24},"end":{"line":111,"column":38}},{"start":{"line":111,"column":38},"end":{"line":111,"column":48}}]},"4":{"loc":{"start":{"line":117,"column":64},"end":{"line":117,"column":null}},"type":"cond-expr","locations":[{"start":{"line":117,"column":79},"end":{"line":117,"column":95}},{"start":{"line":117,"column":95},"end":{"line":117,"column":null}}]},"5":{"loc":{"start":{"line":124,"column":18},"end":{"line":124,"column":87}},"type":"cond-expr","locations":[{"start":{"line":124,"column":33},"end":{"line":124,"column":85}},{"start":{"line":124,"column":85},"end":{"line":124,"column":87}}]},"6":{"loc":{"start":{"line":129,"column":21},"end":{"line":137,"column":null}},"type":"binary-expr","locations":[{"start":{"line":129,"column":21},"end":{"line":129,"column":null}},{"start":{"line":130,"column":24},"end":{"line":137,"column":null}}]},"7":{"loc":{"start":{"line":134,"column":42},"end":{"line":134,"column":68}},"type":"cond-expr","locations":[{"start":{"line":134,"column":57},"end":{"line":134,"column":66}},{"start":{"line":134,"column":66},"end":{"line":134,"column":68}}]},"8":{"loc":{"start":{"line":144,"column":29},"end":{"line":144,"column":null}},"type":"cond-expr","locations":[{"start":{"line":144,"column":43},"end":{"line":144,"column":52}},{"start":{"line":144,"column":52},"end":{"line":144,"column":null}}]},"9":{"loc":{"start":{"line":160,"column":25},"end":{"line":160,"column":null}},"type":"cond-expr","locations":[{"start":{"line":160,"column":39},"end":{"line":160,"column":48}},{"start":{"line":160,"column":48},"end":{"line":160,"column":null}}]},"10":{"loc":{"start":{"line":180,"column":13},"end":{"line":199,"column":null}},"type":"binary-expr","locations":[{"start":{"line":180,"column":13},"end":{"line":180,"column":null}},{"start":{"line":181,"column":16},"end":{"line":199,"column":null}}]},"11":{"loc":{"start":{"line":184,"column":33},"end":{"line":184,"column":null}},"type":"cond-expr","locations":[{"start":{"line":184,"column":47},"end":{"line":184,"column":56}},{"start":{"line":184,"column":56},"end":{"line":184,"column":null}}]}},"s":{"0":0,"1":0,"2":0,"3":0,"4":0,"5":0,"6":0,"7":0,"8":0,"9":0,"10":0,"11":0,"12":0},"f":{"0":0,"1":0,"2":0,"3":0,"4":0},"b":{"0":[0,0],"1":[0,0],"2":[0,0],"3":[0,0],"4":[0,0],"5":[0,0],"6":[0,0],"7":[0,0],"8":[0,0],"9":[0,0],"10":[0,0],"11":[0,0]}}
,"D:/New folder (2)/IE213_FE/src/components/Sidebar/UserProfilePopover.jsx": {"path":"D:/New folder (2)/IE213_FE/src/components/Sidebar/UserProfilePopover.jsx","statementMap":{"0":{"start":{"line":16,"column":21},"end":{"line":35,"column":null}},"1":{"start":{"line":45,"column":23},"end":{"line":45,"column":null}},"2":{"start":{"line":52,"column":44},"end":{"line":52,"column":null}},"3":{"start":{"line":54,"column":4},"end":{"line":129,"column":null}}},"fnMap":{"0":{"name":"UserProfilePopover","decl":{"start":{"line":43,"column":24},"end":{"line":43,"column":43}},"loc":{"start":{"line":43,"column":60},"end":{"line":131,"column":null}}}},"branchMap":{"0":{"loc":{"start":{"line":60,"column":26},"end":{"line":60,"column":81}},"type":"cond-expr","locations":[{"start":{"line":60,"column":40},"end":{"line":60,"column":62}},{"start":{"line":60,"column":62},"end":{"line":60,"column":81}}]},"1":{"loc":{"start":{"line":65,"column":28},"end":{"line":65,"column":null}},"type":"cond-expr","locations":[{"start":{"line":65,"column":42},"end":{"line":65,"column":78}},{"start":{"line":65,"column":78},"end":{"line":65,"column":null}}]},"2":{"loc":{"start":{"line":76,"column":33},"end":{"line":76,"column":null}},"type":"cond-expr","locations":[{"start":{"line":76,"column":47},"end":{"line":76,"column":56}},{"start":{"line":76,"column":56},"end":{"line":76,"column":null}}]},"3":{"loc":{"start":{"line":99,"column":33},"end":{"line":99,"column":null}},"type":"cond-expr","locations":[{"start":{"line":99,"column":60},"end":{"line":99,"column":68}},{"start":{"line":99,"column":68},"end":{"line":99,"column":null}}]},"4":{"loc":{"start":{"line":99,"column":68},"end":{"line":99,"column":null}},"type":"cond-expr","locations":[{"start":{"line":99,"column":95},"end":{"line":99,"column":102}},{"start":{"line":99,"column":102},"end":{"line":99,"column":null}}]},"5":{"loc":{"start":{"line":107,"column":36},"end":{"line":107,"column":null}},"type":"cond-expr","locations":[{"start":{"line":107,"column":68},"end":{"line":107,"column":87}},{"start":{"line":107,"column":87},"end":{"line":107,"column":null}}]},"6":{"loc":{"start":{"line":110,"column":33},"end":{"line":110,"column":null}},"type":"cond-expr","locations":[{"start":{"line":110,"column":65},"end":{"line":110,"column":79}},{"start":{"line":110,"column":79},"end":{"line":110,"column":null}}]},"7":{"loc":{"start":{"line":115,"column":25},"end":{"line":115,"column":null}},"type":"binary-expr","locations":[{"start":{"line":115,"column":25},"end":{"line":115,"column":40}},{"start":{"line":115,"column":40},"end":{"line":115,"column":null}}]}},"s":{"0":0,"1":0,"2":0,"3":0},"f":{"0":0},"b":{"0":[0,0],"1":[0,0],"2":[0,0],"3":[0,0],"4":[0,0],"5":[0,0],"6":[0,0],"7":[0,0]}}
,"D:/New folder (2)/IE213_FE/src/components/animate-ui/components/radix/dialog.tsx": {"path":"D:/New folder (2)/IE213_FE/src/components/animate-ui/components/radix/dialog.tsx","statementMap":{"0":{"start":{"line":30,"column":2},"end":{"line":30,"column":null}},"1":{"start":{"line":36,"column":2},"end":{"line":36,"column":null}},"2":{"start":{"line":42,"column":2},"end":{"line":42,"column":null}},"3":{"start":{"line":48,"column":2},"end":{"line":52,"column":null}},"4":{"start":{"line":66,"column":2},"end":{"line":84,"column":null}},"5":{"start":{"line":91,"column":2},"end":{"line":95,"column":null}},"6":{"start":{"line":102,"column":2},"end":{"line":109,"column":null}},"7":{"start":{"line":116,"column":2},"end":{"line":120,"column":null}},"8":{"start":{"line":127,"column":2},"end":{"line":131,"column":null}}},"fnMap":{"0":{"name":"Dialog","decl":{"start":{"line":29,"column":9},"end":{"line":29,"column":16}},"loc":{"start":{"line":29,"column":36},"end":{"line":31,"column":null}}},"1":{"name":"DialogTrigger","decl":{"start":{"line":35,"column":9},"end":{"line":35,"column":23}},"loc":{"start":{"line":35,"column":50},"end":{"line":37,"column":null}}},"2":{"name":"DialogClose","decl":{"start":{"line":41,"column":9},"end":{"line":41,"column":21}},"loc":{"start":{"line":41,"column":46},"end":{"line":43,"column":null}}},"3":{"name":"DialogOverlay","decl":{"start":{"line":47,"column":9},"end":{"line":47,"column":23}},"loc":{"start":{"line":47,"column":68},"end":{"line":54,"column":null}}},"4":{"name":"DialogContent","decl":{"start":{"line":60,"column":9},"end":{"line":60,"column":23}},"loc":{"start":{"line":65,"column":23},"end":{"line":86,"column":null}}},"5":{"name":"DialogHeader","decl":{"start":{"line":90,"column":9},"end":{"line":90,"column":22}},"loc":{"start":{"line":90,"column":66},"end":{"line":97,"column":null}}},"6":{"name":"DialogFooter","decl":{"start":{"line":101,"column":9},"end":{"line":101,"column":22}},"loc":{"start":{"line":101,"column":66},"end":{"line":111,"column":null}}},"7":{"name":"DialogTitle","decl":{"start":{"line":115,"column":9},"end":{"line":115,"column":21}},"loc":{"start":{"line":115,"column":64},"end":{"line":122,"column":null}}},"8":{"name":"DialogDescription","decl":{"start":{"line":126,"column":9},"end":{"line":126,"column":27}},"loc":{"start":{"line":126,"column":76},"end":{"line":133,"column":null}}}},"branchMap":{"0":{"loc":{"start":{"line":63,"column":2},"end":{"line":63,"column":null}},"type":"default-arg","locations":[{"start":{"line":63,"column":20},"end":{"line":63,"column":null}}]},"1":{"loc":{"start":{"line":77,"column":9},"end":{"line":81,"column":null}},"type":"binary-expr","locations":[{"start":{"line":77,"column":9},"end":{"line":77,"column":null}},{"start":{"line":78,"column":10},"end":{"line":81,"column":null}}]}},"s":{"0":0,"1":0,"2":0,"3":0,"4":0,"5":0,"6":0,"7":0,"8":0},"f":{"0":0,"1":0,"2":0,"3":0,"4":0,"5":0,"6":0,"7":0,"8":0},"b":{"0":[0],"1":[0,0]}}
,"D:/New folder (2)/IE213_FE/src/components/animate-ui/components/radix/dropdown-menu.tsx": {"path":"D:/New folder (2)/IE213_FE/src/components/animate-ui/components/radix/dropdown-menu.tsx","statementMap":{"0":{"start":{"line":42,"column":2},"end":{"line":42,"column":null}},"1":{"start":{"line":48,"column":2},"end":{"line":48,"column":null}},"2":{"start":{"line":59,"column":2},"end":{"line":71,"column":null}},"3":{"start":{"line":78,"column":2},"end":{"line":78,"column":null}},"4":{"start":{"line":93,"column":2},"end":{"line":112,"column":null}},"5":{"start":{"line":125,"column":2},"end":{"line":146,"column":null}},"6":{"start":{"line":153,"column":2},"end":{"line":153,"column":null}},"7":{"start":{"line":164,"column":2},"end":{"line":181,"column":null}},"8":{"start":{"line":194,"column":2},"end":{"line":202,"column":null}},"9":{"start":{"line":212,"column":2},"end":{"line":216,"column":null}},"10":{"start":{"line":226,"column":2},"end":{"line":233,"column":null}},"11":{"start":{"line":240,"column":2},"end":{"line":240,"column":null}},"12":{"start":{"line":254,"column":2},"end":{"line":269,"column":null}},"13":{"start":{"line":279,"column":2},"end":{"line":286,"column":null}}},"fnMap":{"0":{"name":"DropdownMenu","decl":{"start":{"line":41,"column":9},"end":{"line":41,"column":22}},"loc":{"start":{"line":41,"column":48},"end":{"line":43,"column":null}}},"1":{"name":"DropdownMenuTrigger","decl":{"start":{"line":47,"column":9},"end":{"line":47,"column":29}},"loc":{"start":{"line":47,"column":62},"end":{"line":49,"column":null}}},"2":{"name":"DropdownMenuContent","decl":{"start":{"line":53,"column":9},"end":{"line":53,"column":29}},"loc":{"start":{"line":58,"column":29},"end":{"line":73,"column":null}}},"3":{"name":"DropdownMenuGroup","decl":{"start":{"line":77,"column":9},"end":{"line":77,"column":27}},"loc":{"start":{"line":77,"column":65},"end":{"line":79,"column":null}}},"4":{"name":"DropdownMenuItem","decl":{"start":{"line":86,"column":9},"end":{"line":86,"column":26}},"loc":{"start":{"line":92,"column":26},"end":{"line":114,"column":null}}},"5":{"name":"DropdownMenuCheckboxItem","decl":{"start":{"line":118,"column":9},"end":{"line":118,"column":34}},"loc":{"start":{"line":124,"column":34},"end":{"line":148,"column":null}}},"6":{"name":"DropdownMenuRadioGroup","decl":{"start":{"line":152,"column":9},"end":{"line":152,"column":32}},"loc":{"start":{"line":152,"column":68},"end":{"line":154,"column":null}}},"7":{"name":"DropdownMenuRadioItem","decl":{"start":{"line":158,"column":9},"end":{"line":158,"column":31}},"loc":{"start":{"line":163,"column":31},"end":{"line":183,"column":null}}},"8":{"name":"DropdownMenuLabel","decl":{"start":{"line":189,"column":9},"end":{"line":189,"column":27}},"loc":{"start":{"line":193,"column":27},"end":{"line":204,"column":null}}},"9":{"name":"DropdownMenuSeparator","decl":{"start":{"line":208,"column":9},"end":{"line":208,"column":31}},"loc":{"start":{"line":211,"column":31},"end":{"line":218,"column":null}}},"10":{"name":"DropdownMenuShortcut","decl":{"start":{"line":222,"column":9},"end":{"line":222,"column":30}},"loc":{"start":{"line":225,"column":30},"end":{"line":235,"column":null}}},"11":{"name":"DropdownMenuSub","decl":{"start":{"line":239,"column":9},"end":{"line":239,"column":25}},"loc":{"start":{"line":239,"column":54},"end":{"line":241,"column":null}}},"12":{"name":"DropdownMenuSubTrigger","decl":{"start":{"line":247,"column":9},"end":{"line":247,"column":32}},"loc":{"start":{"line":253,"column":32},"end":{"line":271,"column":null}}},"13":{"name":"DropdownMenuSubContent","decl":{"start":{"line":275,"column":9},"end":{"line":275,"column":32}},"loc":{"start":{"line":278,"column":32},"end":{"line":288,"column":null}}}},"branchMap":{"0":{"loc":{"start":{"line":54,"column":2},"end":{"line":54,"column":null}},"type":"default-arg","locations":[{"start":{"line":54,"column":15},"end":{"line":54,"column":null}}]},"1":{"loc":{"start":{"line":89,"column":2},"end":{"line":89,"column":null}},"type":"default-arg","locations":[{"start":{"line":89,"column":12},"end":{"line":89,"column":null}}]},"2":{"loc":{"start":{"line":96,"column":8},"end":{"line":98,"column":null}},"type":"cond-expr","locations":[{"start":{"line":97,"column":12},"end":{"line":97,"column":null}},{"start":{"line":98,"column":12},"end":{"line":98,"column":null}}]}},"s":{"0":0,"1":0,"2":0,"3":0,"4":0,"5":0,"6":0,"7":0,"8":0,"9":0,"10":0,"11":0,"12":0,"13":0},"f":{"0":0,"1":0,"2":0,"3":0,"4":0,"5":0,"6":0,"7":0,"8":0,"9":0,"10":0,"11":0,"12":0,"13":0},"b":{"0":[0],"1":[0],"2":[0,0]}}
,"D:/New folder (2)/IE213_FE/src/components/animate-ui/components/radix/popover.tsx": {"path":"D:/New folder (2)/IE213_FE/src/components/animate-ui/components/radix/popover.tsx","statementMap":{"0":{"start":{"line":19,"column":2},"end":{"line":19,"column":null}},"1":{"start":{"line":25,"column":2},"end":{"line":25,"column":null}},"2":{"start":{"line":36,"column":2},"end":{"line":47,"column":null}},"3":{"start":{"line":54,"column":2},"end":{"line":54,"column":null}}},"fnMap":{"0":{"name":"Popover","decl":{"start":{"line":18,"column":9},"end":{"line":18,"column":17}},"loc":{"start":{"line":18,"column":38},"end":{"line":20,"column":null}}},"1":{"name":"PopoverTrigger","decl":{"start":{"line":24,"column":9},"end":{"line":24,"column":24}},"loc":{"start":{"line":24,"column":52},"end":{"line":26,"column":null}}},"2":{"name":"PopoverContent","decl":{"start":{"line":30,"column":9},"end":{"line":30,"column":24}},"loc":{"start":{"line":35,"column":24},"end":{"line":49,"column":null}}},"3":{"name":"PopoverClose","decl":{"start":{"line":53,"column":9},"end":{"line":53,"column":22}},"loc":{"start":{"line":53,"column":48},"end":{"line":55,"column":null}}}},"branchMap":{"0":{"loc":{"start":{"line":32,"column":2},"end":{"line":32,"column":null}},"type":"default-arg","locations":[{"start":{"line":32,"column":10},"end":{"line":32,"column":null}}]},"1":{"loc":{"start":{"line":33,"column":2},"end":{"line":33,"column":null}},"type":"default-arg","locations":[{"start":{"line":33,"column":15},"end":{"line":33,"column":null}}]}},"s":{"0":0,"1":0,"2":0,"3":0},"f":{"0":0,"1":0,"2":0,"3":0},"b":{"0":[0],"1":[0]}}
,"D:/New folder (2)/IE213_FE/src/components/animate-ui/components/radix/radio-group.tsx": {"path":"D:/New folder (2)/IE213_FE/src/components/animate-ui/components/radix/radio-group.tsx","statementMap":{"0":{"start":{"line":16,"column":2},"end":{"line":17,"column":null}},"1":{"start":{"line":24,"column":2},"end":{"line":35,"column":null}}},"fnMap":{"0":{"name":"RadioGroup","decl":{"start":{"line":15,"column":9},"end":{"line":15,"column":20}},"loc":{"start":{"line":15,"column":62},"end":{"line":19,"column":null}}},"1":{"name":"RadioGroupItem","decl":{"start":{"line":23,"column":9},"end":{"line":23,"column":24}},"loc":{"start":{"line":23,"column":70},"end":{"line":37,"column":null}}}},"branchMap":{},"s":{"0":0,"1":0},"f":{"0":0,"1":0},"b":{}}
,"D:/New folder (2)/IE213_FE/src/components/animate-ui/icons/activity.tsx": {"path":"D:/New folder (2)/IE213_FE/src/components/animate-ui/icons/activity.tsx","statementMap":{"0":{"start":{"line":15,"column":19},"end":{"line":75,"column":null}},"1":{"start":{"line":78,"column":23},"end":{"line":78,"column":null}},"2":{"start":{"line":79,"column":19},"end":{"line":79,"column":null}},"3":{"start":{"line":81,"column":2},"end":{"line":100,"column":null}},"4":{"start":{"line":105,"column":2},"end":{"line":105,"column":null}}},"fnMap":{"0":{"name":"IconComponent","decl":{"start":{"line":77,"column":9},"end":{"line":77,"column":23}},"loc":{"start":{"line":77,"column":58},"end":{"line":102,"column":null}}},"1":{"name":"Activity","decl":{"start":{"line":104,"column":9},"end":{"line":104,"column":18}},"loc":{"start":{"line":104,"column":40},"end":{"line":106,"column":null}}}},"branchMap":{},"s":{"0":0,"1":0,"2":0,"3":0,"4":0},"f":{"0":0,"1":0},"b":{}}
,"D:/New folder (2)/IE213_FE/src/components/animate-ui/icons/arrow-up-down.tsx": {"path":"D:/New folder (2)/IE213_FE/src/components/animate-ui/icons/arrow-up-down.tsx","statementMap":{"0":{"start":{"line":15,"column":19},"end":{"line":104,"column":null}},"1":{"start":{"line":107,"column":23},"end":{"line":107,"column":null}},"2":{"start":{"line":108,"column":19},"end":{"line":108,"column":null}},"3":{"start":{"line":110,"column":2},"end":{"line":161,"column":null}},"4":{"start":{"line":166,"column":2},"end":{"line":166,"column":null}}},"fnMap":{"0":{"name":"IconComponent","decl":{"start":{"line":106,"column":9},"end":{"line":106,"column":23}},"loc":{"start":{"line":106,"column":61},"end":{"line":163,"column":null}}},"1":{"name":"ArrowUpDown","decl":{"start":{"line":165,"column":9},"end":{"line":165,"column":21}},"loc":{"start":{"line":165,"column":46},"end":{"line":167,"column":null}}}},"branchMap":{},"s":{"0":0,"1":0,"2":0,"3":0,"4":0},"f":{"0":0,"1":0},"b":{}}
,"D:/New folder (2)/IE213_FE/src/components/animate-ui/icons/bell.tsx": {"path":"D:/New folder (2)/IE213_FE/src/components/animate-ui/icons/bell.tsx","statementMap":{"0":{"start":{"line":15,"column":19},"end":{"line":38,"column":null}},"1":{"start":{"line":41,"column":23},"end":{"line":41,"column":null}},"2":{"start":{"line":42,"column":19},"end":{"line":42,"column":null}},"3":{"start":{"line":44,"column":2},"end":{"line":72,"column":null}},"4":{"start":{"line":77,"column":2},"end":{"line":77,"column":null}}},"fnMap":{"0":{"name":"IconComponent","decl":{"start":{"line":40,"column":9},"end":{"line":40,"column":23}},"loc":{"start":{"line":40,"column":54},"end":{"line":74,"column":null}}},"1":{"name":"Bell","decl":{"start":{"line":76,"column":9},"end":{"line":76,"column":14}},"loc":{"start":{"line":76,"column":32},"end":{"line":78,"column":null}}}},"branchMap":{},"s":{"0":0,"1":0,"2":0,"3":0,"4":0},"f":{"0":0,"1":0},"b":{}}
,"D:/New folder (2)/IE213_FE/src/components/animate-ui/icons/bot.tsx": {"path":"D:/New folder (2)/IE213_FE/src/components/animate-ui/icons/bot.tsx","statementMap":{"0":{"start":{"line":15,"column":19},"end":{"line":99,"column":null}},"1":{"start":{"line":102,"column":23},"end":{"line":102,"column":null}},"2":{"start":{"line":103,"column":19},"end":{"line":103,"column":null}},"3":{"start":{"line":105,"column":2},"end":{"line":158,"column":null}},"4":{"start":{"line":163,"column":2},"end":{"line":163,"column":null}}},"fnMap":{"0":{"name":"IconComponent","decl":{"start":{"line":101,"column":9},"end":{"line":101,"column":23}},"loc":{"start":{"line":101,"column":53},"end":{"line":160,"column":null}}},"1":{"name":"Bot","decl":{"start":{"line":162,"column":9},"end":{"line":162,"column":13}},"loc":{"start":{"line":162,"column":30},"end":{"line":164,"column":null}}}},"branchMap":{},"s":{"0":0,"1":0,"2":0,"3":0,"4":0},"f":{"0":0,"1":0},"b":{}}
,"D:/New folder (2)/IE213_FE/src/components/animate-ui/icons/chevron-left.tsx": {"path":"D:/New folder (2)/IE213_FE/src/components/animate-ui/icons/chevron-left.tsx","statementMap":{"0":{"start":{"line":15,"column":19},"end":{"line":39,"column":null}},"1":{"start":{"line":42,"column":23},"end":{"line":42,"column":null}},"2":{"start":{"line":43,"column":19},"end":{"line":43,"column":null}},"3":{"start":{"line":45,"column":2},"end":{"line":64,"column":null}},"4":{"start":{"line":69,"column":2},"end":{"line":69,"column":null}}},"fnMap":{"0":{"name":"IconComponent","decl":{"start":{"line":41,"column":9},"end":{"line":41,"column":23}},"loc":{"start":{"line":41,"column":61},"end":{"line":66,"column":null}}},"1":{"name":"ChevronLeft","decl":{"start":{"line":68,"column":9},"end":{"line":68,"column":21}},"loc":{"start":{"line":68,"column":46},"end":{"line":70,"column":null}}}},"branchMap":{},"s":{"0":0,"1":0,"2":0,"3":0,"4":0},"f":{"0":0,"1":0},"b":{}}
,"D:/New folder (2)/IE213_FE/src/components/animate-ui/icons/chevron-right.tsx": {"path":"D:/New folder (2)/IE213_FE/src/components/animate-ui/icons/chevron-right.tsx","statementMap":{"0":{"start":{"line":15,"column":19},"end":{"line":39,"column":null}},"1":{"start":{"line":42,"column":23},"end":{"line":42,"column":null}},"2":{"start":{"line":43,"column":19},"end":{"line":43,"column":null}},"3":{"start":{"line":45,"column":2},"end":{"line":64,"column":null}},"4":{"start":{"line":69,"column":2},"end":{"line":69,"column":null}}},"fnMap":{"0":{"name":"IconComponent","decl":{"start":{"line":41,"column":9},"end":{"line":41,"column":23}},"loc":{"start":{"line":41,"column":62},"end":{"line":66,"column":null}}},"1":{"name":"ChevronRight","decl":{"start":{"line":68,"column":9},"end":{"line":68,"column":22}},"loc":{"start":{"line":68,"column":48},"end":{"line":70,"column":null}}}},"branchMap":{},"s":{"0":0,"1":0,"2":0,"3":0,"4":0},"f":{"0":0,"1":0},"b":{}}
,"D:/New folder (2)/IE213_FE/src/components/animate-ui/icons/clipboard-list.tsx": {"path":"D:/New folder (2)/IE213_FE/src/components/animate-ui/icons/clipboard-list.tsx","statementMap":{"0":{"start":{"line":15,"column":19},"end":{"line":87,"column":null}},"1":{"start":{"line":90,"column":23},"end":{"line":90,"column":null}},"2":{"start":{"line":91,"column":19},"end":{"line":91,"column":null}},"3":{"start":{"line":93,"column":2},"end":{"line":147,"column":null}},"4":{"start":{"line":152,"column":2},"end":{"line":152,"column":null}}},"fnMap":{"0":{"name":"IconComponent","decl":{"start":{"line":89,"column":9},"end":{"line":89,"column":23}},"loc":{"start":{"line":89,"column":63},"end":{"line":149,"column":null}}},"1":{"name":"ClipboardList","decl":{"start":{"line":151,"column":9},"end":{"line":151,"column":23}},"loc":{"start":{"line":151,"column":50},"end":{"line":153,"column":null}}}},"branchMap":{},"s":{"0":0,"1":0,"2":0,"3":0,"4":0},"f":{"0":0,"1":0},"b":{}}
,"D:/New folder (2)/IE213_FE/src/components/animate-ui/icons/clock-3.tsx": {"path":"D:/New folder (2)/IE213_FE/src/components/animate-ui/icons/clock-3.tsx","statementMap":{"0":{"start":{"line":15,"column":19},"end":{"line":41,"column":null}},"1":{"start":{"line":44,"column":23},"end":{"line":44,"column":null}},"2":{"start":{"line":45,"column":19},"end":{"line":45,"column":null}},"3":{"start":{"line":47,"column":2},"end":{"line":86,"column":null}},"4":{"start":{"line":91,"column":2},"end":{"line":91,"column":null}}},"fnMap":{"0":{"name":"IconComponent","decl":{"start":{"line":43,"column":9},"end":{"line":43,"column":23}},"loc":{"start":{"line":43,"column":56},"end":{"line":88,"column":null}}},"1":{"name":"Clock3","decl":{"start":{"line":90,"column":9},"end":{"line":90,"column":16}},"loc":{"start":{"line":90,"column":36},"end":{"line":92,"column":null}}}},"branchMap":{},"s":{"0":0,"1":0,"2":0,"3":0,"4":0},"f":{"0":0,"1":0},"b":{}}
,"D:/New folder (2)/IE213_FE/src/components/animate-ui/icons/icon.tsx": {"path":"D:/New folder (2)/IE213_FE/src/components/animate-ui/icons/icon.tsx","statementMap":{"0":{"start":{"line":18,"column":25},"end":{"line":39,"column":null}},"1":{"start":{"line":91,"column":27},"end":{"line":93,"column":null}},"2":{"start":{"line":96,"column":18},"end":{"line":96,"column":null}},"3":{"start":{"line":97,"column":2},"end":{"line":109,"column":null}},"4":{"start":{"line":98,"column":4},"end":{"line":109,"column":null}},"5":{"start":{"line":110,"column":2},"end":{"line":110,"column":null}},"6":{"start":{"line":117,"column":2},"end":{"line":120,"column":null}},"7":{"start":{"line":118,"column":4},"end":{"line":118,"column":null}},"8":{"start":{"line":119,"column":4},"end":{"line":119,"column":null}},"9":{"start":{"line":144,"column":19},"end":{"line":144,"column":null}},"10":{"start":{"line":146,"column":42},"end":{"line":149,"column":null}},"11":{"start":{"line":147,"column":4},"end":{"line":147,"column":null}},"12":{"start":{"line":147,"column":52},"end":{"line":147,"column":null}},"13":{"start":{"line":148,"column":4},"end":{"line":148,"column":null}},"14":{"start":{"line":150,"column":50},"end":{"line":152,"column":null}},"15":{"start":{"line":153,"column":30},"end":{"line":153,"column":null}},"16":{"start":{"line":155,"column":19},"end":{"line":155,"column":null}},"17":{"start":{"line":156,"column":23},"end":{"line":156,"column":null}},"18":{"start":{"line":157,"column":33},"end":{"line":157,"column":null}},"19":{"start":{"line":158,"column":31},"end":{"line":158,"column":null}},"20":{"start":{"line":159,"column":31},"end":{"line":159,"column":null}},"21":{"start":{"line":160,"column":20},"end":{"line":160,"column":null}},"22":{"start":{"line":162,"column":20},"end":{"line":162,"column":null}},"23":{"start":{"line":163,"column":23},"end":{"line":163,"column":null}},"24":{"start":{"line":165,"column":25},"end":{"line":167,"column":null}},"25":{"start":{"line":166,"column":4},"end":{"line":166,"column":null}},"26":{"start":{"line":169,"column":25},"end":{"line":188,"column":null}},"27":{"start":{"line":171,"column":19},"end":{"line":171,"column":null}},"28":{"start":{"line":172,"column":6},"end":{"line":172,"column":null}},"29":{"start":{"line":173,"column":6},"end":{"line":176,"column":null}},"30":{"start":{"line":174,"column":8},"end":{"line":174,"column":null}},"31":{"start":{"line":175,"column":8},"end":{"line":175,"column":null}},"32":{"start":{"line":177,"column":6},"end":{"line":177,"column":null}},"33":{"start":{"line":178,"column":6},"end":{"line":185,"column":null}},"34":{"start":{"line":179,"column":8},"end":{"line":179,"column":null}},"35":{"start":{"line":180,"column":8},"end":{"line":182,"column":null}},"36":{"start":{"line":181,"column":10},"end":{"line":181,"column":null}},"37":{"start":{"line":184,"column":8},"end":{"line":184,"column":null}},"38":{"start":{"line":190,"column":24},"end":{"line":201,"column":null}},"39":{"start":{"line":191,"column":4},"end":{"line":191,"column":null}},"40":{"start":{"line":192,"column":4},"end":{"line":195,"column":null}},"41":{"start":{"line":193,"column":6},"end":{"line":193,"column":null}},"42":{"start":{"line":194,"column":6},"end":{"line":194,"column":null}},"43":{"start":{"line":196,"column":4},"end":{"line":199,"column":null}},"44":{"start":{"line":197,"column":6},"end":{"line":197,"column":null}},"45":{"start":{"line":198,"column":6},"end":{"line":198,"column":null}},"46":{"start":{"line":200,"column":4},"end":{"line":200,"column":null}},"47":{"start":{"line":203,"column":2},"end":{"line":205,"column":null}},"48":{"start":{"line":204,"column":4},"end":{"line":204,"column":null}},"49":{"start":{"line":207,"column":2},"end":{"line":213,"column":null}},"50":{"start":{"line":208,"column":4},"end":{"line":208,"column":null}},"51":{"start":{"line":208,"column":31},"end":{"line":208,"column":null}},"52":{"start":{"line":209,"column":4},"end":{"line":209,"column":null}},"53":{"start":{"line":210,"column":4},"end":{"line":211,"column":null}},"54":{"start":{"line":210,"column":17},"end":{"line":210,"column":null}},"55":{"start":{"line":211,"column":9},"end":{"line":211,"column":null}},"56":{"start":{"line":215,"column":2},"end":{"line":220,"column":null}},"57":{"start":{"line":216,"column":4},"end":{"line":219,"column":null}},"58":{"start":{"line":217,"column":6},"end":{"line":217,"column":null}},"59":{"start":{"line":217,"column":28},"end":{"line":217,"column":null}},"60":{"start":{"line":218,"column":6},"end":{"line":218,"column":null}},"61":{"start":{"line":218,"column":32},"end":{"line":218,"column":null}},"62":{"start":{"line":222,"column":23},"end":{"line":222,"column":null}},"63":{"start":{"line":223,"column":39},"end":{"line":227,"column":null}},"64":{"start":{"line":229,"column":20},"end":{"line":239,"column":null}},"65":{"start":{"line":231,"column":6},"end":{"line":236,"column":null}},"66":{"start":{"line":232,"column":8},"end":{"line":232,"column":null}},"67":{"start":{"line":233,"column":8},"end":{"line":233,"column":null}},"68":{"start":{"line":235,"column":8},"end":{"line":235,"column":null}},"69":{"start":{"line":241,"column":2},"end":{"line":245,"column":null}},"70":{"start":{"line":242,"column":4},"end":{"line":242,"column":null}},"71":{"start":{"line":242,"column":24},"end":{"line":242,"column":null}},"72":{"start":{"line":243,"column":4},"end":{"line":244,"column":null}},"73":{"start":{"line":243,"column":18},"end":{"line":243,"column":null}},"74":{"start":{"line":244,"column":9},"end":{"line":244,"column":null}},"75":{"start":{"line":247,"column":2},"end":{"line":372,"column":null}},"76":{"start":{"line":248,"column":16},"end":{"line":248,"column":null}},"77":{"start":{"line":249,"column":4},"end":{"line":249,"column":null}},"78":{"start":{"line":252,"column":6},"end":{"line":255,"column":null}},"79":{"start":{"line":253,"column":8},"end":{"line":253,"column":null}},"80":{"start":{"line":254,"column":8},"end":{"line":254,"column":null}},"81":{"start":{"line":257,"column":6},"end":{"line":277,"column":null}},"82":{"start":{"line":258,"column":8},"end":{"line":268,"column":null}},"83":{"start":{"line":263,"column":10},"end":{"line":267,"column":null}},"84":{"start":{"line":264,"column":12},"end":{"line":264,"column":null}},"85":{"start":{"line":269,"column":8},"end":{"line":275,"column":null}},"86":{"start":{"line":270,"column":10},"end":{"line":273,"column":null}},"87":{"start":{"line":271,"column":12},"end":{"line":271,"column":null}},"88":{"start":{"line":272,"column":12},"end":{"line":272,"column":null}},"89":{"start":{"line":274,"column":10},"end":{"line":274,"column":null}},"90":{"start":{"line":276,"column":8},"end":{"line":276,"column":null}},"91":{"start":{"line":279,"column":6},"end":{"line":285,"column":null}},"92":{"start":{"line":280,"column":8},"end":{"line":283,"column":null}},"93":{"start":{"line":281,"column":10},"end":{"line":281,"column":null}},"94":{"start":{"line":282,"column":10},"end":{"line":282,"column":null}},"95":{"start":{"line":284,"column":8},"end":{"line":284,"column":null}},"96":{"start":{"line":287,"column":6},"end":{"line":287,"column":null}},"97":{"start":{"line":288,"column":6},"end":{"line":290,"column":null}},"98":{"start":{"line":289,"column":8},"end":{"line":289,"column":null}},"99":{"start":{"line":292,"column":6},"end":{"line":299,"column":null}},"100":{"start":{"line":293,"column":8},"end":{"line":293,"column":null}},"101":{"start":{"line":294,"column":8},"end":{"line":294,"column":null}},"102":{"start":{"line":295,"column":8},"end":{"line":295,"column":null}},"103":{"start":{"line":296,"column":8},"end":{"line":296,"column":null}},"104":{"start":{"line":297,"column":8},"end":{"line":297,"column":null}},"105":{"start":{"line":298,"column":8},"end":{"line":298,"column":null}},"106":{"start":{"line":301,"column":6},"end":{"line":301,"column":null}},"107":{"start":{"line":303,"column":6},"end":{"line":310,"column":null}},"108":{"start":{"line":304,"column":8},"end":{"line":304,"column":null}},"109":{"start":{"line":305,"column":8},"end":{"line":305,"column":null}},"110":{"start":{"line":306,"column":8},"end":{"line":306,"column":null}},"111":{"start":{"line":307,"column":8},"end":{"line":307,"column":null}},"112":{"start":{"line":308,"column":8},"end":{"line":308,"column":null}},"113":{"start":{"line":309,"column":8},"end":{"line":309,"column":null}},"114":{"start":{"line":312,"column":6},"end":{"line":312,"column":null}},"115":{"start":{"line":313,"column":6},"end":{"line":313,"column":null}},"116":{"start":{"line":314,"column":6},"end":{"line":314,"column":null}},"117":{"start":{"line":315,"column":6},"end":{"line":315,"column":null}},"118":{"start":{"line":317,"column":6},"end":{"line":323,"column":null}},"119":{"start":{"line":318,"column":8},"end":{"line":321,"column":null}},"120":{"start":{"line":319,"column":10},"end":{"line":319,"column":null}},"121":{"start":{"line":320,"column":10},"end":{"line":320,"column":null}},"122":{"start":{"line":322,"column":8},"end":{"line":322,"column":null}},"123":{"start":{"line":325,"column":6},"end":{"line":355,"column":null}},"124":{"start":{"line":326,"column":8},"end":{"line":349,"column":null}},"125":{"start":{"line":327,"column":10},"end":{"line":332,"column":null}},"126":{"start":{"line":328,"column":12},"end":{"line":331,"column":null}},"127":{"start":{"line":329,"column":14},"end":{"line":329,"column":null}},"128":{"start":{"line":330,"column":14},"end":{"line":330,"column":null}},"129":{"start":{"line":334,"column":10},"end":{"line":337,"column":null}},"130":{"start":{"line":335,"column":12},"end":{"line":335,"column":null}},"131":{"start":{"line":336,"column":12},"end":{"line":336,"column":null}},"132":{"start":{"line":338,"column":10},"end":{"line":342,"column":null}},"133":{"start":{"line":339,"column":12},"end":{"line":340,"column":null}},"134":{"start":{"line":340,"column":14},"end":{"line":340,"column":null}},"135":{"start":{"line":341,"column":12},"end":{"line":341,"column":null}},"136":{"start":{"line":344,"column":10},"end":{"line":348,"column":null}},"137":{"start":{"line":345,"column":12},"end":{"line":346,"column":null}},"138":{"start":{"line":346,"column":14},"end":{"line":346,"column":null}},"139":{"start":{"line":347,"column":12},"end":{"line":347,"column":null}},"140":{"start":{"line":350,"column":8},"end":{"line":353,"column":null}},"141":{"start":{"line":351,"column":10},"end":{"line":351,"column":null}},"142":{"start":{"line":352,"column":10},"end":{"line":352,"column":null}},"143":{"start":{"line":354,"column":8},"end":{"line":354,"column":null}},"144":{"start":{"line":358,"column":4},"end":{"line":358,"column":null}},"145":{"start":{"line":360,"column":4},"end":{"line":370,"column":null}},"146":{"start":{"line":361,"column":6},"end":{"line":361,"column":null}},"147":{"start":{"line":362,"column":6},"end":{"line":365,"column":null}},"148":{"start":{"line":363,"column":8},"end":{"line":363,"column":null}},"149":{"start":{"line":364,"column":8},"end":{"line":364,"column":null}},"150":{"start":{"line":366,"column":6},"end":{"line":369,"column":null}},"151":{"start":{"line":367,"column":8},"end":{"line":367,"column":null}},"152":{"start":{"line":368,"column":8},"end":{"line":368,"column":null}},"153":{"start":{"line":375,"column":4},"end":{"line":375,"column":null}},"154":{"start":{"line":378,"column":27},"end":{"line":383,"column":null}},"155":{"start":{"line":381,"column":6},"end":{"line":381,"column":null}},"156":{"start":{"line":381,"column":26},"end":{"line":381,"column":null}},"157":{"start":{"line":385,"column":27},"end":{"line":390,"column":null}},"158":{"start":{"line":388,"column":6},"end":{"line":388,"column":null}},"159":{"start":{"line":388,"column":42},"end":{"line":388,"column":null}},"160":{"start":{"line":392,"column":28},"end":{"line":396,"column":null}},"161":{"start":{"line":395,"column":4},"end":{"line":395,"column":null}},"162":{"start":{"line":395,"column":22},"end":{"line":395,"column":null}},"163":{"start":{"line":398,"column":26},"end":{"line":403,"column":null}},"164":{"start":{"line":401,"column":6},"end":{"line":401,"column":null}},"165":{"start":{"line":401,"column":24},"end":{"line":401,"column":null}},"166":{"start":{"line":405,"column":18},"end":{"line":426,"column":null}},"167":{"start":{"line":429,"column":2},"end":{"line":444,"column":null}},"168":{"start":{"line":449,"column":2},"end":{"line":449,"column":null}},"169":{"start":{"line":470,"column":18},"end":{"line":470,"column":null}},"170":{"start":{"line":472,"column":2},"end":{"line":567,"column":null}},"171":{"start":{"line":484,"column":8},"end":{"line":484,"column":null}},"172":{"start":{"line":487,"column":6},"end":{"line":496,"column":null}},"173":{"start":{"line":498,"column":4},"end":{"line":536,"column":null}},"174":{"start":{"line":499,"column":40},"end":{"line":501,"column":null}},"175":{"start":{"line":503,"column":37},"end":{"line":505,"column":null}},"176":{"start":{"line":507,"column":6},"end":{"line":534,"column":null}},"177":{"start":{"line":538,"column":27},"end":{"line":538,"column":null}},"178":{"start":{"line":539,"column":22},"end":{"line":539,"column":null}},"179":{"start":{"line":540,"column":27},"end":{"line":540,"column":null}},"180":{"start":{"line":542,"column":4},"end":{"line":565,"column":null}},"181":{"start":{"line":569,"column":2},"end":{"line":602,"column":null}},"182":{"start":{"line":576,"column":4},"end":{"line":600,"column":null}},"183":{"start":{"line":604,"column":2},"end":{"line":613,"column":null}},"184":{"start":{"line":622,"column":39},"end":{"line":622,"column":null}},"185":{"start":{"line":626,"column":2},"end":{"line":639,"column":null}},"186":{"start":{"line":627,"column":20},"end":{"line":627,"column":null}},"187":{"start":{"line":628,"column":4},"end":{"line":628,"column":null}},"188":{"start":{"line":629,"column":4},"end":{"line":636,"column":null}},"189":{"start":{"line":630,"column":6},"end":{"line":634,"column":null}},"190":{"start":{"line":634,"column":8},"end":{"line":634,"column":null}},"191":{"start":{"line":635,"column":6},"end":{"line":635,"column":null}},"192":{"start":{"line":638,"column":4},"end":{"line":638,"column":null}},"193":{"start":{"line":641,"column":2},"end":{"line":641,"column":null}}},"fnMap":{"0":{"name":"useAnimateIconContext","decl":{"start":{"line":95,"column":9},"end":{"line":95,"column":33}},"loc":{"start":{"line":95,"column":33},"end":{"line":111,"column":null}}},"1":{"name":"composeEventHandlers","decl":{"start":{"line":113,"column":9},"end":{"line":113,"column":null}},"loc":{"start":{"line":116,"column":2},"end":{"line":121,"column":null}}},"2":{"name":"(anonymous_2)","decl":{"start":{"line":117,"column":9},"end":{"line":117,"column":10}},"loc":{"start":{"line":117,"column":23},"end":{"line":120,"column":null}}},"3":{"name":"AnimateIcon","decl":{"start":{"line":126,"column":9},"end":{"line":126,"column":21}},"loc":{"start":{"line":143,"column":21},"end":{"line":446,"column":null}}},"4":{"name":"(anonymous_4)","decl":{"start":{"line":146,"column":66},"end":{"line":146,"column":72}},"loc":{"start":{"line":146,"column":72},"end":{"line":149,"column":3}}},"5":{"name":"(anonymous_5)","decl":{"start":{"line":165,"column":43},"end":{"line":165,"column":49}},"loc":{"start":{"line":165,"column":49},"end":{"line":167,"column":5}}},"6":{"name":"(anonymous_6)","decl":{"start":{"line":170,"column":4},"end":{"line":170,"column":5}},"loc":{"start":{"line":170,"column":30},"end":{"line":186,"column":null}}},"7":{"name":"(anonymous_7)","decl":{"start":{"line":180,"column":38},"end":{"line":180,"column":44}},"loc":{"start":{"line":180,"column":44},"end":{"line":182,"column":11}}},"8":{"name":"(anonymous_8)","decl":{"start":{"line":190,"column":42},"end":{"line":190,"column":48}},"loc":{"start":{"line":190,"column":48},"end":{"line":201,"column":5}}},"9":{"name":"(anonymous_9)","decl":{"start":{"line":203,"column":18},"end":{"line":203,"column":24}},"loc":{"start":{"line":203,"column":24},"end":{"line":205,"column":5}}},"10":{"name":"(anonymous_10)","decl":{"start":{"line":207,"column":18},"end":{"line":207,"column":24}},"loc":{"start":{"line":207,"column":24},"end":{"line":213,"column":5}}},"11":{"name":"(anonymous_11)","decl":{"start":{"line":215,"column":18},"end":{"line":215,"column":24}},"loc":{"start":{"line":215,"column":24},"end":{"line":220,"column":5}}},"12":{"name":"(anonymous_12)","decl":{"start":{"line":216,"column":11},"end":{"line":216,"column":17}},"loc":{"start":{"line":216,"column":17},"end":{"line":219,"column":null}}},"13":{"name":"(anonymous_13)","decl":{"start":{"line":230,"column":4},"end":{"line":230,"column":11}},"loc":{"start":{"line":230,"column":78},"end":{"line":237,"column":null}}},"14":{"name":"(anonymous_14)","decl":{"start":{"line":241,"column":18},"end":{"line":241,"column":24}},"loc":{"start":{"line":241,"column":24},"end":{"line":245,"column":5}}},"15":{"name":"(anonymous_15)","decl":{"start":{"line":247,"column":18},"end":{"line":247,"column":24}},"loc":{"start":{"line":247,"column":24},"end":{"line":372,"column":5}}},"16":{"name":"run","decl":{"start":{"line":251,"column":19},"end":{"line":251,"column":25}},"loc":{"start":{"line":251,"column":25},"end":{"line":356,"column":null}}},"17":{"name":"(anonymous_17)","decl":{"start":{"line":288,"column":55},"end":{"line":288,"column":56}},"loc":{"start":{"line":288,"column":68},"end":{"line":290,"column":7}}},"18":{"name":"(anonymous_18)","decl":{"start":{"line":327,"column":34},"end":{"line":327,"column":35}},"loc":{"start":{"line":327,"column":47},"end":{"line":332,"column":11}}},"19":{"name":"(anonymous_19)","decl":{"start":{"line":328,"column":46},"end":{"line":328,"column":52}},"loc":{"start":{"line":328,"column":52},"end":{"line":331,"column":15}}},"20":{"name":"(anonymous_20)","decl":{"start":{"line":360,"column":11},"end":{"line":360,"column":17}},"loc":{"start":{"line":360,"column":17},"end":{"line":370,"column":null}}},"21":{"name":"(anonymous_21)","decl":{"start":{"line":380,"column":4},"end":{"line":380,"column":10}},"loc":{"start":{"line":380,"column":10},"end":{"line":382,"column":null}}},"22":{"name":"(anonymous_22)","decl":{"start":{"line":387,"column":4},"end":{"line":387,"column":10}},"loc":{"start":{"line":387,"column":10},"end":{"line":389,"column":null}}},"23":{"name":"(anonymous_23)","decl":{"start":{"line":394,"column":30},"end":{"line":394,"column":36}},"loc":{"start":{"line":394,"column":36},"end":{"line":396,"column":3}}},"24":{"name":"(anonymous_24)","decl":{"start":{"line":400,"column":4},"end":{"line":400,"column":10}},"loc":{"start":{"line":400,"column":10},"end":{"line":402,"column":null}}},"25":{"name":"IconWrapper","decl":{"start":{"line":451,"column":9},"end":{"line":451,"column":39}},"loc":{"start":{"line":469,"column":24},"end":{"line":615,"column":null}}},"26":{"name":"getVariants","decl":{"start":{"line":617,"column":9},"end":{"line":617,"column":null}},"loc":{"start":{"line":620,"column":20},"end":{"line":642,"column":null}}}},"branchMap":{"0":{"loc":{"start":{"line":97,"column":2},"end":{"line":109,"column":null}},"type":"if","locations":[{"start":{"line":97,"column":2},"end":{"line":109,"column":null}},{"start":{},"end":{}}]},"1":{"loc":{"start":{"line":127,"column":2},"end":{"line":127,"column":null}},"type":"default-arg","locations":[{"start":{"line":127,"column":12},"end":{"line":127,"column":null}}]},"2":{"loc":{"start":{"line":128,"column":2},"end":{"line":128,"column":null}},"type":"default-arg","locations":[{"start":{"line":128,"column":12},"end":{"line":128,"column":null}}]},"3":{"loc":{"start":{"line":129,"column":2},"end":{"line":129,"column":null}},"type":"default-arg","locations":[{"start":{"line":129,"column":19},"end":{"line":129,"column":null}}]},"4":{"loc":{"start":{"line":130,"column":2},"end":{"line":130,"column":null}},"type":"default-arg","locations":[{"start":{"line":130,"column":17},"end":{"line":130,"column":null}}]},"5":{"loc":{"start":{"line":131,"column":2},"end":{"line":131,"column":null}},"type":"default-arg","locations":[{"start":{"line":131,"column":18},"end":{"line":131,"column":null}}]},"6":{"loc":{"start":{"line":132,"column":2},"end":{"line":132,"column":null}},"type":"default-arg","locations":[{"start":{"line":132,"column":24},"end":{"line":132,"column":null}}]},"7":{"loc":{"start":{"line":133,"column":2},"end":{"line":133,"column":null}},"type":"default-arg","locations":[{"start":{"line":133,"column":22},"end":{"line":133,"column":null}}]},"8":{"loc":{"start":{"line":134,"column":2},"end":{"line":134,"column":null}},"type":"default-arg","locations":[{"start":{"line":134,"column":14},"end":{"line":134,"column":null}}]},"9":{"loc":{"start":{"line":135,"column":2},"end":{"line":135,"column":null}},"type":"default-arg","locations":[{"start":{"line":135,"column":9},"end":{"line":135,"column":null}}]},"10":{"loc":{"start":{"line":136,"column":2},"end":{"line":136,"column":null}},"type":"default-arg","locations":[{"start":{"line":136,"column":14},"end":{"line":136,"column":null}}]},"11":{"loc":{"start":{"line":137,"column":2},"end":{"line":137,"column":null}},"type":"default-arg","locations":[{"start":{"line":137,"column":24},"end":{"line":137,"column":null}}]},"12":{"loc":{"start":{"line":138,"column":2},"end":{"line":138,"column":null}},"type":"default-arg","locations":[{"start":{"line":138,"column":19},"end":{"line":138,"column":null}}]},"13":{"loc":{"start":{"line":139,"column":2},"end":{"line":139,"column":null}},"type":"default-arg","locations":[{"start":{"line":139,"column":24},"end":{"line":139,"column":null}}]},"14":{"loc":{"start":{"line":140,"column":2},"end":{"line":140,"column":null}},"type":"default-arg","locations":[{"start":{"line":140,"column":10},"end":{"line":140,"column":null}}]},"15":{"loc":{"start":{"line":147,"column":4},"end":{"line":147,"column":null}},"type":"if","locations":[{"start":{"line":147,"column":4},"end":{"line":147,"column":null}},{"start":{},"end":{}}]},"16":{"loc":{"start":{"line":147,"column":8},"end":{"line":147,"column":52}},"type":"binary-expr","locations":[{"start":{"line":147,"column":8},"end":{"line":147,"column":33}},{"start":{"line":147,"column":33},"end":{"line":147,"column":52}}]},"17":{"loc":{"start":{"line":152,"column":4},"end":{"line":152,"column":53}},"type":"cond-expr","locations":[{"start":{"line":152,"column":34},"end":{"line":152,"column":44}},{"start":{"line":152,"column":44},"end":{"line":152,"column":53}}]},"18":{"loc":{"start":{"line":171,"column":19},"end":{"line":171,"column":null}},"type":"cond-expr","locations":[{"start":{"line":171,"column":49},"end":{"line":171,"column":59}},{"start":{"line":171,"column":59},"end":{"line":171,"column":null}}]},"19":{"loc":{"start":{"line":173,"column":6},"end":{"line":176,"column":null}},"type":"if","locations":[{"start":{"line":173,"column":6},"end":{"line":176,"column":null}},{"start":{},"end":{}}]},"20":{"loc":{"start":{"line":178,"column":6},"end":{"line":185,"column":null}},"type":"if","locations":[{"start":{"line":178,"column":6},"end":{"line":185,"column":null}},{"start":{"line":183,"column":13},"end":{"line":185,"column":null}}]},"21":{"loc":{"start":{"line":192,"column":4},"end":{"line":195,"column":null}},"type":"if","locations":[{"start":{"line":192,"column":4},"end":{"line":195,"column":null}},{"start":{},"end":{}}]},"22":{"loc":{"start":{"line":196,"column":4},"end":{"line":199,"column":null}},"type":"if","locations":[{"start":{"line":196,"column":4},"end":{"line":199,"column":null}},{"start":{},"end":{}}]},"23":{"loc":{"start":{"line":208,"column":4},"end":{"line":208,"column":null}},"type":"if","locations":[{"start":{"line":208,"column":4},"end":{"line":208,"column":null}},{"start":{},"end":{}}]},"24":{"loc":{"start":{"line":209,"column":24},"end":{"line":209,"column":73}},"type":"cond-expr","locations":[{"start":{"line":209,"column":54},"end":{"line":209,"column":64}},{"start":{"line":209,"column":64},"end":{"line":209,"column":73}}]},"25":{"loc":{"start":{"line":210,"column":4},"end":{"line":211,"column":null}},"type":"if","locations":[{"start":{"line":210,"column":4},"end":{"line":211,"column":null}},{"start":{"line":211,"column":9},"end":{"line":211,"column":null}}]},"26":{"loc":{"start":{"line":217,"column":6},"end":{"line":217,"column":null}},"type":"if","locations":[{"start":{"line":217,"column":6},"end":{"line":217,"column":null}},{"start":{},"end":{}}]},"27":{"loc":{"start":{"line":218,"column":6},"end":{"line":218,"column":null}},"type":"if","locations":[{"start":{"line":218,"column":6},"end":{"line":218,"column":null}},{"start":{},"end":{}}]},"28":{"loc":{"start":{"line":230,"column":40},"end":{"line":230,"column":78}},"type":"default-arg","locations":[{"start":{"line":230,"column":66},"end":{"line":230,"column":78}}]},"29":{"loc":{"start":{"line":242,"column":4},"end":{"line":242,"column":null}},"type":"if","locations":[{"start":{"line":242,"column":4},"end":{"line":242,"column":null}},{"start":{},"end":{}}]},"30":{"loc":{"start":{"line":243,"column":4},"end":{"line":244,"column":null}},"type":"if","locations":[{"start":{"line":243,"column":4},"end":{"line":244,"column":null}},{"start":{"line":244,"column":9},"end":{"line":244,"column":null}}]},"31":{"loc":{"start":{"line":252,"column":6},"end":{"line":255,"column":null}},"type":"if","locations":[{"start":{"line":252,"column":6},"end":{"line":255,"column":null}},{"start":{},"end":{}}]},"32":{"loc":{"start":{"line":252,"column":10},"end":{"line":252,"column":61}},"type":"binary-expr","locations":[{"start":{"line":252,"column":10},"end":{"line":252,"column":34}},{"start":{"line":252,"column":34},"end":{"line":252,"column":61}}]},"33":{"loc":{"start":{"line":257,"column":6},"end":{"line":277,"column":null}},"type":"if","locations":[{"start":{"line":257,"column":6},"end":{"line":277,"column":null}},{"start":{},"end":{}}]},"34":{"loc":{"start":{"line":258,"column":8},"end":{"line":268,"column":null}},"type":"if","locations":[{"start":{"line":258,"column":8},"end":{"line":268,"column":null}},{"start":{},"end":{}}]},"35":{"loc":{"start":{"line":259,"column":10},"end":{"line":261,"column":null}},"type":"binary-expr","locations":[{"start":{"line":259,"column":10},"end":{"line":259,"column":null}},{"start":{"line":260,"column":10},"end":{"line":260,"column":null}},{"start":{"line":261,"column":10},"end":{"line":261,"column":null}}]},"36":{"loc":{"start":{"line":269,"column":8},"end":{"line":275,"column":null}},"type":"if","locations":[{"start":{"line":269,"column":8},"end":{"line":275,"column":null}},{"start":{},"end":{}}]},"37":{"loc":{"start":{"line":270,"column":10},"end":{"line":273,"column":null}},"type":"if","locations":[{"start":{"line":270,"column":10},"end":{"line":273,"column":null}},{"start":{},"end":{}}]},"38":{"loc":{"start":{"line":270,"column":14},"end":{"line":270,"column":65}},"type":"binary-expr","locations":[{"start":{"line":270,"column":14},"end":{"line":270,"column":38}},{"start":{"line":270,"column":38},"end":{"line":270,"column":65}}]},"39":{"loc":{"start":{"line":279,"column":6},"end":{"line":285,"column":null}},"type":"if","locations":[{"start":{"line":279,"column":6},"end":{"line":285,"column":null}},{"start":{},"end":{}}]},"40":{"loc":{"start":{"line":280,"column":8},"end":{"line":283,"column":null}},"type":"if","locations":[{"start":{"line":280,"column":8},"end":{"line":283,"column":null}},{"start":{},"end":{}}]},"41":{"loc":{"start":{"line":280,"column":12},"end":{"line":280,"column":63}},"type":"binary-expr","locations":[{"start":{"line":280,"column":12},"end":{"line":280,"column":36}},{"start":{"line":280,"column":36},"end":{"line":280,"column":63}}]},"42":{"loc":{"start":{"line":292,"column":6},"end":{"line":299,"column":null}},"type":"if","locations":[{"start":{"line":292,"column":6},"end":{"line":299,"column":null}},{"start":{},"end":{}}]},"43":{"loc":{"start":{"line":292,"column":10},"end":{"line":292,"column":61}},"type":"binary-expr","locations":[{"start":{"line":292,"column":10},"end":{"line":292,"column":34}},{"start":{"line":292,"column":34},"end":{"line":292,"column":61}}]},"44":{"loc":{"start":{"line":303,"column":6},"end":{"line":310,"column":null}},"type":"if","locations":[{"start":{"line":303,"column":6},"end":{"line":310,"column":null}},{"start":{},"end":{}}]},"45":{"loc":{"start":{"line":303,"column":10},"end":{"line":303,"column":61}},"type":"binary-expr","locations":[{"start":{"line":303,"column":10},"end":{"line":303,"column":34}},{"start":{"line":303,"column":34},"end":{"line":303,"column":61}}]},"46":{"loc":{"start":{"line":317,"column":6},"end":{"line":323,"column":null}},"type":"if","locations":[{"start":{"line":317,"column":6},"end":{"line":323,"column":null}},{"start":{},"end":{}}]},"47":{"loc":{"start":{"line":318,"column":8},"end":{"line":321,"column":null}},"type":"if","locations":[{"start":{"line":318,"column":8},"end":{"line":321,"column":null}},{"start":{},"end":{}}]},"48":{"loc":{"start":{"line":318,"column":12},"end":{"line":318,"column":63}},"type":"binary-expr","locations":[{"start":{"line":318,"column":12},"end":{"line":318,"column":36}},{"start":{"line":318,"column":36},"end":{"line":318,"column":63}}]},"49":{"loc":{"start":{"line":325,"column":6},"end":{"line":355,"column":null}},"type":"if","locations":[{"start":{"line":325,"column":6},"end":{"line":355,"column":null}},{"start":{},"end":{}}]},"50":{"loc":{"start":{"line":326,"column":8},"end":{"line":349,"column":null}},"type":"if","locations":[{"start":{"line":326,"column":8},"end":{"line":349,"column":null}},{"start":{"line":343,"column":15},"end":{"line":349,"column":null}}]},"51":{"loc":{"start":{"line":334,"column":10},"end":{"line":337,"column":null}},"type":"if","locations":[{"start":{"line":334,"column":10},"end":{"line":337,"column":null}},{"start":{},"end":{}}]},"52":{"loc":{"start":{"line":334,"column":14},"end":{"line":334,"column":65}},"type":"binary-expr","locations":[{"start":{"line":334,"column":14},"end":{"line":334,"column":38}},{"start":{"line":334,"column":38},"end":{"line":334,"column":65}}]},"53":{"loc":{"start":{"line":338,"column":10},"end":{"line":342,"column":null}},"type":"if","locations":[{"start":{"line":338,"column":10},"end":{"line":342,"column":null}},{"start":{},"end":{}}]},"54":{"loc":{"start":{"line":339,"column":12},"end":{"line":340,"column":null}},"type":"if","locations":[{"start":{"line":339,"column":12},"end":{"line":340,"column":null}},{"start":{},"end":{}}]},"55":{"loc":{"start":{"line":339,"column":16},"end":{"line":339,"column":null}},"type":"binary-expr","locations":[{"start":{"line":339,"column":16},"end":{"line":339,"column":40}},{"start":{"line":339,"column":40},"end":{"line":339,"column":null}}]},"56":{"loc":{"start":{"line":344,"column":10},"end":{"line":348,"column":null}},"type":"if","locations":[{"start":{"line":344,"column":10},"end":{"line":348,"column":null}},{"start":{},"end":{}}]},"57":{"loc":{"start":{"line":345,"column":12},"end":{"line":346,"column":null}},"type":"if","locations":[{"start":{"line":345,"column":12},"end":{"line":346,"column":null}},{"start":{},"end":{}}]},"58":{"loc":{"start":{"line":345,"column":16},"end":{"line":345,"column":null}},"type":"binary-expr","locations":[{"start":{"line":345,"column":16},"end":{"line":345,"column":40}},{"start":{"line":345,"column":40},"end":{"line":345,"column":null}}]},"59":{"loc":{"start":{"line":350,"column":8},"end":{"line":353,"column":null}},"type":"if","locations":[{"start":{"line":350,"column":8},"end":{"line":353,"column":null}},{"start":{},"end":{}}]},"60":{"loc":{"start":{"line":350,"column":12},"end":{"line":350,"column":63}},"type":"binary-expr","locations":[{"start":{"line":350,"column":12},"end":{"line":350,"column":36}},{"start":{"line":350,"column":36},"end":{"line":350,"column":63}}]},"61":{"loc":{"start":{"line":362,"column":6},"end":{"line":365,"column":null}},"type":"if","locations":[{"start":{"line":362,"column":6},"end":{"line":365,"column":null}},{"start":{},"end":{}}]},"62":{"loc":{"start":{"line":366,"column":6},"end":{"line":369,"column":null}},"type":"if","locations":[{"start":{"line":366,"column":6},"end":{"line":369,"column":null}},{"start":{},"end":{}}]},"63":{"loc":{"start":{"line":375,"column":4},"end":{"line":375,"column":null}},"type":"cond-expr","locations":[{"start":{"line":375,"column":38},"end":{"line":375,"column":78}},{"start":{"line":375,"column":78},"end":{"line":375,"column":null}}]},"64":{"loc":{"start":{"line":381,"column":6},"end":{"line":381,"column":null}},"type":"if","locations":[{"start":{"line":381,"column":6},"end":{"line":381,"column":null}},{"start":{},"end":{}}]},"65":{"loc":{"start":{"line":388,"column":6},"end":{"line":388,"column":null}},"type":"if","locations":[{"start":{"line":388,"column":6},"end":{"line":388,"column":null}},{"start":{},"end":{}}]},"66":{"loc":{"start":{"line":388,"column":10},"end":{"line":388,"column":42}},"type":"binary-expr","locations":[{"start":{"line":388,"column":10},"end":{"line":388,"column":28}},{"start":{"line":388,"column":28},"end":{"line":388,"column":42}}]},"67":{"loc":{"start":{"line":395,"column":4},"end":{"line":395,"column":null}},"type":"if","locations":[{"start":{"line":395,"column":4},"end":{"line":395,"column":null}},{"start":{},"end":{}}]},"68":{"loc":{"start":{"line":401,"column":6},"end":{"line":401,"column":null}},"type":"if","locations":[{"start":{"line":401,"column":6},"end":{"line":401,"column":null}},{"start":{},"end":{}}]},"69":{"loc":{"start":{"line":405,"column":18},"end":{"line":426,"column":null}},"type":"cond-expr","locations":[{"start":{"line":406,"column":4},"end":{"line":415,"column":null}},{"start":{"line":417,"column":4},"end":{"line":426,"column":null}}]},"70":{"loc":{"start":{"line":452,"column":2},"end":{"line":452,"column":null}},"type":"default-arg","locations":[{"start":{"line":452,"column":9},"end":{"line":452,"column":null}}]},"71":{"loc":{"start":{"line":472,"column":2},"end":{"line":567,"column":null}},"type":"if","locations":[{"start":{"line":472,"column":2},"end":{"line":567,"column":null}},{"start":{},"end":{}}]},"72":{"loc":{"start":{"line":487,"column":6},"end":{"line":496,"column":null}},"type":"binary-expr","locations":[{"start":{"line":487,"column":6},"end":{"line":487,"column":null}},{"start":{"line":488,"column":6},"end":{"line":488,"column":null}},{"start":{"line":489,"column":6},"end":{"line":489,"column":null}},{"start":{"line":490,"column":6},"end":{"line":490,"column":null}},{"start":{"line":491,"column":6},"end":{"line":491,"column":null}},{"start":{"line":492,"column":6},"end":{"line":492,"column":null}},{"start":{"line":493,"column":6},"end":{"line":493,"column":null}},{"start":{"line":494,"column":6},"end":{"line":494,"column":null}},{"start":{"line":495,"column":6},"end":{"line":495,"column":null}},{"start":{"line":496,"column":6},"end":{"line":496,"column":null}}]},"73":{"loc":{"start":{"line":498,"column":4},"end":{"line":536,"column":null}},"type":"if","locations":[{"start":{"line":498,"column":4},"end":{"line":536,"column":null}},{"start":{},"end":{}}]},"74":{"loc":{"start":{"line":499,"column":40},"end":{"line":501,"column":null}},"type":"cond-expr","locations":[{"start":{"line":500,"column":11},"end":{"line":500,"column":null}},{"start":{"line":501,"column":10},"end":{"line":501,"column":null}}]},"75":{"loc":{"start":{"line":500,"column":11},"end":{"line":500,"column":null}},"type":"binary-expr","locations":[{"start":{"line":500,"column":11},"end":{"line":500,"column":28}},{"start":{"line":500,"column":28},"end":{"line":500,"column":47}},{"start":{"line":500,"column":47},"end":{"line":500,"column":null}}]},"76":{"loc":{"start":{"line":503,"column":37},"end":{"line":505,"column":null}},"type":"binary-expr","locations":[{"start":{"line":503,"column":37},"end":{"line":503,"column":null}},{"start":{"line":504,"column":8},"end":{"line":504,"column":null}},{"start":{"line":505,"column":8},"end":{"line":505,"column":null}}]},"77":{"loc":{"start":{"line":515,"column":21},"end":{"line":515,"column":null}},"type":"binary-expr","locations":[{"start":{"line":515,"column":21},"end":{"line":515,"column":38}},{"start":{"line":515,"column":38},"end":{"line":515,"column":null}}]},"78":{"loc":{"start":{"line":516,"column":16},"end":{"line":516,"column":null}},"type":"binary-expr","locations":[{"start":{"line":516,"column":16},"end":{"line":516,"column":24}},{"start":{"line":516,"column":24},"end":{"line":516,"column":null}}]},"79":{"loc":{"start":{"line":517,"column":21},"end":{"line":517,"column":null}},"type":"binary-expr","locations":[{"start":{"line":517,"column":21},"end":{"line":517,"column":34}},{"start":{"line":517,"column":34},"end":{"line":517,"column":null}}]},"80":{"loc":{"start":{"line":518,"column":31},"end":{"line":518,"column":null}},"type":"binary-expr","locations":[{"start":{"line":518,"column":31},"end":{"line":518,"column":54}},{"start":{"line":518,"column":54},"end":{"line":518,"column":null}}]},"81":{"loc":{"start":{"line":519,"column":31},"end":{"line":519,"column":null}},"type":"binary-expr","locations":[{"start":{"line":519,"column":31},"end":{"line":519,"column":54}},{"start":{"line":519,"column":54},"end":{"line":519,"column":null}}]},"82":{"loc":{"start":{"line":520,"column":17},"end":{"line":520,"column":null}},"type":"binary-expr","locations":[{"start":{"line":520,"column":17},"end":{"line":520,"column":26}},{"start":{"line":520,"column":26},"end":{"line":520,"column":null}}]},"83":{"loc":{"start":{"line":521,"column":26},"end":{"line":521,"column":null}},"type":"binary-expr","locations":[{"start":{"line":521,"column":26},"end":{"line":521,"column":44}},{"start":{"line":521,"column":44},"end":{"line":521,"column":null}}]},"84":{"loc":{"start":{"line":527,"column":14},"end":{"line":530,"column":null}},"type":"binary-expr","locations":[{"start":{"line":527,"column":14},"end":{"line":528,"column":null}},{"start":{"line":528,"column":54},"end":{"line":529,"column":null}},{"start":{"line":530,"column":16},"end":{"line":530,"column":null}}]},"85":{"loc":{"start":{"line":528,"column":16},"end":{"line":528,"column":54}},"type":"binary-expr","locations":[{"start":{"line":528,"column":16},"end":{"line":528,"column":33}},{"start":{"line":528,"column":33},"end":{"line":528,"column":54}}]},"86":{"loc":{"start":{"line":529,"column":17},"end":{"line":529,"column":55}},"type":"binary-expr","locations":[{"start":{"line":529,"column":17},"end":{"line":529,"column":34}},{"start":{"line":529,"column":34},"end":{"line":529,"column":55}}]},"87":{"loc":{"start":{"line":538,"column":27},"end":{"line":538,"column":null}},"type":"binary-expr","locations":[{"start":{"line":538,"column":27},"end":{"line":538,"column":44}},{"start":{"line":538,"column":44},"end":{"line":538,"column":null}}]},"88":{"loc":{"start":{"line":559,"column":12},"end":{"line":561,"column":null}},"type":"binary-expr","locations":[{"start":{"line":560,"column":13},"end":{"line":560,"column":42}},{"start":{"line":560,"column":42},"end":{"line":560,"column":null}},{"start":{"line":561,"column":14},"end":{"line":561,"column":null}}]},"89":{"loc":{"start":{"line":569,"column":2},"end":{"line":602,"column":null}},"type":"if","locations":[{"start":{"line":569,"column":2},"end":{"line":602,"column":null}},{"start":{},"end":{}}]},"90":{"loc":{"start":{"line":570,"column":4},"end":{"line":574,"column":null}},"type":"binary-expr","locations":[{"start":{"line":570,"column":4},"end":{"line":570,"column":null}},{"start":{"line":571,"column":4},"end":{"line":571,"column":null}},{"start":{"line":572,"column":4},"end":{"line":572,"column":null}},{"start":{"line":573,"column":4},"end":{"line":573,"column":null}},{"start":{"line":574,"column":4},"end":{"line":574,"column":null}}]},"91":{"loc":{"start":{"line":594,"column":12},"end":{"line":596,"column":null}},"type":"binary-expr","locations":[{"start":{"line":595,"column":13},"end":{"line":595,"column":41}},{"start":{"line":595,"column":41},"end":{"line":595,"column":null}},{"start":{"line":596,"column":14},"end":{"line":596,"column":null}}]},"92":{"loc":{"start":{"line":608,"column":8},"end":{"line":610,"column":null}},"type":"binary-expr","locations":[{"start":{"line":609,"column":9},"end":{"line":609,"column":37}},{"start":{"line":609,"column":37},"end":{"line":609,"column":null}},{"start":{"line":610,"column":10},"end":{"line":610,"column":null}}]},"93":{"loc":{"start":{"line":626,"column":2},"end":{"line":639,"column":null}},"type":"if","locations":[{"start":{"line":626,"column":2},"end":{"line":639,"column":null}},{"start":{"line":637,"column":9},"end":{"line":639,"column":null}}]},"94":{"loc":{"start":{"line":630,"column":6},"end":{"line":634,"column":null}},"type":"if","locations":[{"start":{"line":630,"column":6},"end":{"line":634,"column":null}},{"start":{},"end":{}}]},"95":{"loc":{"start":{"line":630,"column":6},"end":{"line":632,"column":null}},"type":"binary-expr","locations":[{"start":{"line":631,"column":9},"end":{"line":631,"column":37}},{"start":{"line":631,"column":37},"end":{"line":631,"column":null}},{"start":{"line":632,"column":8},"end":{"line":632,"column":null}}]},"96":{"loc":{"start":{"line":638,"column":14},"end":{"line":638,"column":null}},"type":"binary-expr","locations":[{"start":{"line":638,"column":14},"end":{"line":638,"column":60}},{"start":{"line":638,"column":60},"end":{"line":638,"column":null}}]}},"s":{"0":0,"1":0,"2":0,"3":0,"4":0,"5":0,"6":0,"7":0,"8":0,"9":0,"10":0,"11":0,"12":0,"13":0,"14":0,"15":0,"16":0,"17":0,"18":0,"19":0,"20":0,"21":0,"22":0,"23":0,"24":0,"25":0,"26":0,"27":0,"28":0,"29":0,"30":0,"31":0,"32":0,"33":0,"34":0,"35":0,"36":0,"37":0,"38":0,"39":0,"40":0,"41":0,"42":0,"43":0,"44":0,"45":0,"46":0,"47":0,"48":0,"49":0,"50":0,"51":0,"52":0,"53":0,"54":0,"55":0,"56":0,"57":0,"58":0,"59":0,"60":0,"61":0,"62":0,"63":0,"64":0,"65":0,"66":0,"67":0,"68":0,"69":0,"70":0,"71":0,"72":0,"73":0,"74":0,"75":0,"76":0,"77":0,"78":0,"79":0,"80":0,"81":0,"82":0,"83":0,"84":0,"85":0,"86":0,"87":0,"88":0,"89":0,"90":0,"91":0,"92":0,"93":0,"94":0,"95":0,"96":0,"97":0,"98":0,"99":0,"100":0,"101":0,"102":0,"103":0,"104":0,"105":0,"106":0,"107":0,"108":0,"109":0,"110":0,"111":0,"112":0,"113":0,"114":0,"115":0,"116":0,"117":0,"118":0,"119":0,"120":0,"121":0,"122":0,"123":0,"124":0,"125":0,"126":0,"127":0,"128":0,"129":0,"130":0,"131":0,"132":0,"133":0,"134":0,"135":0,"136":0,"137":0,"138":0,"139":0,"140":0,"141":0,"142":0,"143":0,"144":0,"145":0,"146":0,"147":0,"148":0,"149":0,"150":0,"151":0,"152":0,"153":0,"154":0,"155":0,"156":0,"157":0,"158":0,"159":0,"160":0,"161":0,"162":0,"163":0,"164":0,"165":0,"166":0,"167":0,"168":0,"169":0,"170":0,"171":0,"172":0,"173":0,"174":0,"175":0,"176":0,"177":0,"178":0,"179":0,"180":0,"181":0,"182":0,"183":0,"184":0,"185":0,"186":0,"187":0,"188":0,"189":0,"190":0,"191":0,"192":0,"193":0},"f":{"0":0,"1":0,"2":0,"3":0,"4":0,"5":0,"6":0,"7":0,"8":0,"9":0,"10":0,"11":0,"12":0,"13":0,"14":0,"15":0,"16":0,"17":0,"18":0,"19":0,"20":0,"21":0,"22":0,"23":0,"24":0,"25":0,"26":0},"b":{"0":[0,0],"1":[0],"2":[0],"3":[0],"4":[0],"5":[0],"6":[0],"7":[0],"8":[0],"9":[0],"10":[0],"11":[0],"12":[0],"13":[0],"14":[0],"15":[0,0],"16":[0,0],"17":[0,0],"18":[0,0],"19":[0,0],"20":[0,0],"21":[0,0],"22":[0,0],"23":[0,0],"24":[0,0],"25":[0,0],"26":[0,0],"27":[0,0],"28":[0],"29":[0,0],"30":[0,0],"31":[0,0],"32":[0,0],"33":[0,0],"34":[0,0],"35":[0,0,0],"36":[0,0],"37":[0,0],"38":[0,0],"39":[0,0],"40":[0,0],"41":[0,0],"42":[0,0],"43":[0,0],"44":[0,0],"45":[0,0],"46":[0,0],"47":[0,0],"48":[0,0],"49":[0,0],"50":[0,0],"51":[0,0],"52":[0,0],"53":[0,0],"54":[0,0],"55":[0,0],"56":[0,0],"57":[0,0],"58":[0,0],"59":[0,0],"60":[0,0],"61":[0,0],"62":[0,0],"63":[0,0],"64":[0,0],"65":[0,0],"66":[0,0],"67":[0,0],"68":[0,0],"69":[0,0],"70":[0],"71":[0,0],"72":[0,0,0,0,0,0,0,0,0,0],"73":[0,0],"74":[0,0],"75":[0,0,0],"76":[0,0,0],"77":[0,0],"78":[0,0],"79":[0,0],"80":[0,0],"81":[0,0],"82":[0,0],"83":[0,0],"84":[0,0,0],"85":[0,0],"86":[0,0],"87":[0,0],"88":[0,0,0],"89":[0,0],"90":[0,0,0,0,0],"91":[0,0,0],"92":[0,0,0],"93":[0,0],"94":[0,0],"95":[0,0,0],"96":[0,0]}}
,"D:/New folder (2)/IE213_FE/src/components/animate-ui/icons/layout-dashboard.tsx": {"path":"D:/New folder (2)/IE213_FE/src/components/animate-ui/icons/layout-dashboard.tsx","statementMap":{"0":{"start":{"line":15,"column":19},"end":{"line":104,"column":null}},"1":{"start":{"line":107,"column":23},"end":{"line":107,"column":null}},"2":{"start":{"line":108,"column":19},"end":{"line":108,"column":null}},"3":{"start":{"line":110,"column":2},"end":{"line":167,"column":null}},"4":{"start":{"line":172,"column":2},"end":{"line":172,"column":null}}},"fnMap":{"0":{"name":"IconComponent","decl":{"start":{"line":106,"column":9},"end":{"line":106,"column":23}},"loc":{"start":{"line":106,"column":65},"end":{"line":169,"column":null}}},"1":{"name":"LayoutDashboard","decl":{"start":{"line":171,"column":9},"end":{"line":171,"column":25}},"loc":{"start":{"line":171,"column":54},"end":{"line":173,"column":null}}}},"branchMap":{},"s":{"0":0,"1":0,"2":0,"3":0,"4":0},"f":{"0":0,"1":0},"b":{}}
[...]
,"D:/New folder (2)/IE213_FE/src/stores/useAuthStore.js": {"path":"D:/New folder (2)/IE213_FE/src/stores/useAuthStore.js","statementMap":{"0":{"start":{"line":11,"column":28},"end":{"line":135,"column":3}},"1":{"start":{"line":11,"column":50},"end":{"line":135,"column":1}},"2":{"start":{"line":25,"column":8},"end":{"line":33,"column":9}},"3":{"start":{"line":26,"column":24},"end":{"line":26,"column":49}},"4":{"start":{"line":27,"column":29},"end":{"line":27,"column":45}},"5":{"start":{"line":28,"column":12},"end":{"line":28,"column":49}},"6":{"start":{"line":29,"column":12},"end":{"line":29,"column":28}},"7":{"start":{"line":31,"column":12},"end":{"line":31,"column":52}},"8":{"start":{"line":32,"column":12},"end":{"line":32,"column":24}},"9":{"start":{"line":42,"column":8},"end":{"line":50,"column":9}},"10":{"start":{"line":43,"column":24},"end":{"line":43,"column":52}},"11":{"start":{"line":44,"column":32},"end":{"line":44,"column":48}},"12":{"start":{"line":45,"column":12},"end":{"line":45,"column":42}},"13":{"start":{"line":46,"column":12},"end":{"line":46,"column":31}},"14":{"start":{"line":48,"column":12},"end":{"line":48,"column":35}},"15":{"start":{"line":49,"column":12},"end":{"line":49,"column":24}},"16":{"start":{"line":60,"column":8},"end":{"line":67,"column":9}},"17":{"start":{"line":61,"column":29},"end":{"line":61,"column":60}},"18":{"start":{"line":62,"column":12},"end":{"line":64,"column":13}},"19":{"start":{"line":63,"column":16},"end":{"line":63,"column":51}},"20":{"start":{"line":66,"column":12},"end":{"line":66,"column":36}},"21":{"start":{"line":75,"column":8},"end":{"line":87,"column":9}},"22":{"start":{"line":76,"column":24},"end":{"line":76,"column":68}},"23":{"start":{"line":77,"column":29},"end":{"line":77,"column":38}},"24":{"start":{"line":78,"column":12},"end":{"line":78,"column":68}},"25":{"start":{"line":78,"column":27},"end":{"line":78,"column":68}},"26":{"start":{"line":80,"column":12},"end":{"line":80,"column":49}},"27":{"start":{"line":81,"column":12},"end":{"line":81,"column":81}},"28":{"start":{"line":81,"column":46},"end":{"line":81,"column":81}},"29":{"start":{"line":83,"column":12},"end":{"line":83,"column":28}},"30":{"start":{"line":85,"column":12},"end":{"line":85,"column":67}},"31":{"start":{"line":86,"column":12},"end":{"line":86,"column":22}},"32":{"start":{"line":95,"column":8},"end":{"line":111,"column":9}},"33":{"start":{"line":96,"column":24},"end":{"line":100,"column":14}},"34":{"start":{"line":101,"column":29},"end":{"line":101,"column":38}},"35":{"start":{"line":102,"column":12},"end":{"line":102,"column":68}},"36":{"start":{"line":102,"column":27},"end":{"line":102,"column":68}},"37":{"start":{"line":104,"column":12},"end":{"line":104,"column":49}},"38":{"start":{"line":105,"column":12},"end":{"line":105,"column":81}},"39":{"start":{"line":105,"column":46},"end":{"line":105,"column":81}},"40":{"start":{"line":107,"column":12},"end":{"line":107,"column":28}},"41":{"start":{"line":109,"column":12},"end":{"line":109,"column":67}},"42":{"start":{"line":110,"column":12},"end":{"line":110,"column":22}},"43":{"start":{"line":119,"column":8},"end":{"line":123,"column":9}},"44":{"start":{"line":120,"column":12},"end":{"line":120,"column":39}},"45":{"start":{"line":122,"column":12},"end":{"line":122,"column":60}},"46":{"start":{"line":131,"column":25},"end":{"line":131,"column":56}},"47":{"start":{"line":132,"column":8},"end":{"line":132,"column":77}},"48":{"start":{"line":132,"column":42},"end":{"line":132,"column":77}},"49":{"start":{"line":133,"column":8},"end":{"line":133,"column":24}}},"fnMap":{"0":{"name":"(anonymous_0)","decl":{"start":{"line":11,"column":35},"end":{"line":11,"column":36}},"loc":{"start":{"line":11,"column":50},"end":{"line":135,"column":1}}},"1":{"name":"(anonymous_1)","decl":{"start":{"line":24,"column":23},"end":{"line":24,"column":28}},"loc":{"start":{"line":24,"column":35},"end":{"line":34,"column":5}}},"2":{"name":"(anonymous_2)","decl":{"start":{"line":41,"column":26},"end":{"line":41,"column":31}},"loc":{"start":{"line":41,"column":38},"end":{"line":51,"column":5}}},"3":{"name":"(anonymous_3)","decl":{"start":{"line":59,"column":14},"end":{"line":59,"column":19}},"loc":{"start":{"line":59,"column":26},"end":{"line":68,"column":5}}},"4":{"name":"(anonymous_4)","decl":{"start":{"line":74,"column":11},"end":{"line":74,"column":16}},"loc":{"start":{"line":74,"column":34},"end":{"line":88,"column":5}}},"5":{"name":"(anonymous_5)","decl":{"start":{"line":94,"column":19},"end":{"line":94,"column":24}},"loc":{"start":{"line":94,"column":78},"end":{"line":112,"column":5}}},"6":{"name":"(anonymous_6)","decl":{"start":{"line":118,"column":12},"end":{"line":118,"column":17}},"loc":{"start":{"line":118,"column":24},"end":{"line":124,"column":5}}},"7":{"name":"(anonymous_7)","decl":{"start":{"line":130,"column":17},"end":{"line":130,"column":22}},"loc":{"start":{"line":130,"column":29},"end":{"line":134,"column":5}}}},"branchMap":{"0":{"loc":{"start":{"line":27,"column":29},"end":{"line":27,"column":45}},"type":"binary-expr","locations":[{"start":{"line":27,"column":29},"end":{"line":27,"column":38}},{"start":{"line":27,"column":42},"end":{"line":27,"column":45}}]},"1":{"loc":{"start":{"line":44,"column":32},"end":{"line":44,"column":48}},"type":"binary-expr","locations":[{"start":{"line":44,"column":32},"end":{"line":44,"column":41}},{"start":{"line":44,"column":45},"end":{"line":44,"column":48}}]},"2":{"loc":{"start":{"line":62,"column":12},"end":{"line":64,"column":13}},"type":"if","locations":[{"start":{"line":62,"column":12},"end":{"line":64,"column":13}},{"start":{},"end":{}}]},"3":{"loc":{"start":{"line":78,"column":12},"end":{"line":78,"column":68}},"type":"if","locations":[{"start":{"line":78,"column":12},"end":{"line":78,"column":68}},{"start":{},"end":{}}]},"4":{"loc":{"start":{"line":81,"column":12},"end":{"line":81,"column":81}},"type":"if","locations":[{"start":{"line":81,"column":12},"end":{"line":81,"column":81}},{"start":{},"end":{}}]},"5":{"loc":{"start":{"line":102,"column":12},"end":{"line":102,"column":68}},"type":"if","locations":[{"start":{"line":102,"column":12},"end":{"line":102,"column":68}},{"start":{},"end":{}}]},"6":{"loc":{"start":{"line":105,"column":12},"end":{"line":105,"column":81}},"type":"if","locations":[{"start":{"line":105,"column":12},"end":{"line":105,"column":81}},{"start":{},"end":{}}]},"7":{"loc":{"start":{"line":132,"column":8},"end":{"line":132,"column":77}},"type":"if","locations":[{"start":{"line":132,"column":8},"end":{"line":132,"column":77}},{"start":{},"end":{}}]}},"s":{"0":0,"1":0,"2":0,"3":0,"4":0,"5":0,"6":0,"7":0,"8":0,"9":0,"10":0,"11":0,"12":0,"13":0,"14":0,"15":0,"16":0,"17":0,"18":0,"19":0,"20":0,"21":0,"22":0,"23":0,"24":0,"25":0,"26":0,"27":0,"28":0,"29":0,"30":0,"31":0,"32":0,"33":0,"34":0,"35":0,"36":0,"37":0,"38":0,"39":0,"40":0,"41":0,"42":0,"43":0,"44":0,"45":0,"46":0,"47":0,"48":0,"49":0},"f":{"0":0,"1":0,"2":0,"3":0,"4":0,"5":0,"6":0,"7":0},"b":{"0":[0,0],"1":[0,0],"2":[0,0],"3":[0,0],"4":[0,0],"5":[0,0],"6":[0,0],"7":[0,0]}}
,"D:/New folder (2)/IE213_FE/src/stores/useLayoutStore.jsx": {"path":"D:/New folder (2)/IE213_FE/src/stores/useLayoutStore.jsx","statementMap":{"0":{"start":{"line":9,"column":30},"end":{"line":54,"column":null}},"1":{"start":{"line":9,"column":47},"end":{"line":54,"column":2}},"2":{"start":{"line":19,"column":23},"end":{"line":19,"column":null}},"3":{"start":{"line":28,"column":8},"end":{"line":28,"column":null}},"4":{"start":{"line":36,"column":8},"end":{"line":36,"column":null}},"5":{"start":{"line":44,"column":8},"end":{"line":44,"column":null}},"6":{"start":{"line":52,"column":8},"end":{"line":52,"column":null}}},"fnMap":{"0":{"name":"(anonymous_0)","decl":{"start":{"line":9,"column":37},"end":{"line":9,"column":38}},"loc":{"start":{"line":9,"column":47},"end":{"line":54,"column":2}}},"1":{"name":"(anonymous_1)","decl":{"start":{"line":19,"column":17},"end":{"line":19,"column":23}},"loc":{"start":{"line":19,"column":23},"end":{"line":19,"column":null}}},"2":{"name":"(anonymous_2)","decl":{"start":{"line":27,"column":17},"end":{"line":27,"column":18}},"loc":{"start":{"line":27,"column":27},"end":{"line":29,"column":null}}},"3":{"name":"(anonymous_3)","decl":{"start":{"line":35,"column":13},"end":{"line":35,"column":14}},"loc":{"start":{"line":35,"column":23},"end":{"line":37,"column":null}}},"4":{"name":"(anonymous_4)","decl":{"start":{"line":43,"column":20},"end":{"line":43,"column":21}},"loc":{"start":{"line":43,"column":37},"end":{"line":45,"column":null}}},"5":{"name":"(anonymous_5)","decl":{"start":{"line":51,"column":17},"end":{"line":51,"column":18}},"loc":{"start":{"line":51,"column":31},"end":{"line":53,"column":null}}}},"branchMap":{},"s":{"0":0,"1":0,"2":0,"3":0,"4":0,"5":0,"6":0},"f":{"0":0,"1":0,"2":0,"3":0,"4":0,"5":0},"b":{}}
,"D:/New folder (2)/IE213_FE/src/stores/useSidebarStore.jsx": {"path":"D:/New folder (2)/IE213_FE/src/stores/useSidebarStore.jsx","statementMap":{"0":{"start":{"line":9,"column":31},"end":{"line":32,"column":null}},"1":{"start":{"line":9,"column":48},"end":{"line":32,"column":2}},"2":{"start":{"line":22,"column":25},"end":{"line":22,"column":null}},"3":{"start":{"line":22,"column":41},"end":{"line":22,"column":77}},"4":{"start":{"line":31,"column":31},"end":{"line":31,"column":null}}},"fnMap":{"0":{"name":"(anonymous_0)","decl":{"start":{"line":9,"column":38},"end":{"line":9,"column":39}},"loc":{"start":{"line":9,"column":48},"end":{"line":32,"column":2}}},"1":{"name":"(anonymous_1)","decl":{"start":{"line":22,"column":19},"end":{"line":22,"column":25}},"loc":{"start":{"line":22,"column":25},"end":{"line":22,"column":null}}},"2":{"name":"(anonymous_2)","decl":{"start":{"line":22,"column":29},"end":{"line":22,"column":30}},"loc":{"start":{"line":22,"column":41},"end":{"line":22,"column":77}}},"3":{"name":"(anonymous_3)","decl":{"start":{"line":31,"column":20},"end":{"line":31,"column":21}},"loc":{"start":{"line":31,"column":31},"end":{"line":31,"column":null}}}},"branchMap":{},"s":{"0":0,"1":0,"2":0,"3":0,"4":0},"f":{"0":0,"1":0,"2":0,"3":0},"b":{}}
,"D:/New folder (2)/IE213_FE/src/utils/auth.js": {"path":"D:/New folder (2)/IE213_FE/src/utils/auth.js","statementMap":{"0":{"start":{"line":4,"column":32},"end":{"line":4,"column":45}},"1":{"start":{"line":11,"column":4},"end":{"line":11,"column":50}},"2":{"start":{"line":19,"column":4},"end":{"line":19,"column":50}},"3":{"start":{"line":26,"column":4},"end":{"line":26,"column":46}},"4":{"start":{"line":36,"column":4},"end":{"line":36,"column":28}},"5":{"start":{"line":36,"column":16},"end":{"line":36,"column":28}},"6":{"start":{"line":38,"column":4},"end":{"line":40,"column":5}},"7":{"start":{"line":39,"column":8},"end":{"line":39,"column":89}},"8":{"start":{"line":41,"column":4},"end":{"line":41,"column":16}},"9":{"start":{"line":50,"column":18},"end":{"line":50,"column":34}},"10":{"start":{"line":51,"column":20},"end":{"line":51,"column":42}},"11":{"start":{"line":52,"column":4},"end":{"line":52,"column":37}}},"fnMap":{"0":{"name":"setAccessToken","decl":{"start":{"line":10,"column":16},"end":{"line":10,"column":30}},"loc":{"start":{"line":10,"column":38},"end":{"line":12,"column":1}}},"1":{"name":"getAccessToken","decl":{"start":{"line":18,"column":16},"end":{"line":18,"column":30}},"loc":{"start":{"line":18,"column":33},"end":{"line":20,"column":1}}},"2":{"name":"clearAccessToken","decl":{"start":{"line":25,"column":16},"end":{"line":25,"column":32}},"loc":{"start":{"line":25,"column":35},"end":{"line":27,"column":1}}},"3":{"name":"decodeMockToken","decl":{"start":{"line":35,"column":16},"end":{"line":35,"column":31}},"loc":{"start":{"line":35,"column":39},"end":{"line":42,"column":1}}},"4":{"name":"isAdminAuthenticated","decl":{"start":{"line":49,"column":16},"end":{"line":49,"column":36}},"loc":{"start":{"line":49,"column":39},"end":{"line":53,"column":1}}}},"branchMap":{"0":{"loc":{"start":{"line":36,"column":4},"end":{"line":36,"column":28}},"type":"if","locations":[{"start":{"line":36,"column":4},"end":{"line":36,"column":28}},{"start":{},"end":{}}]},"1":{"loc":{"start":{"line":38,"column":4},"end":{"line":40,"column":5}},"type":"if","locations":[{"start":{"line":38,"column":4},"end":{"line":40,"column":5}},{"start":{},"end":{}}]}},"s":{"0":0,"1":0,"2":0,"3":0,"4":0,"5":0,"6":0,"7":0,"8":0,"9":0,"10":0,"11":0},"f":{"0":0,"1":0,"2":0,"3":0,"4":0},"b":{"0":[0,0],"1":[0,0]}}
,"D:/New folder (2)/IE213_FE/src/utils/enforceSepolia.js": {"path":"D:/New folder (2)/IE213_FE/src/utils/enforceSepolia.js","statementMap":{"0":{"start":{"line":10,"column":30},"end":{"line":75,"column":1}},"1":{"start":{"line":12,"column":4},"end":{"line":14,"column":5}},"2":{"start":{"line":13,"column":8},"end":{"line":13,"column":52}},"3":{"start":{"line":17,"column":27},"end":{"line":17,"column":37}},"4":{"start":{"line":19,"column":4},"end":{"line":74,"column":5}},"5":{"start":{"line":21,"column":31},"end":{"line":21,"column":87}},"6":{"start":{"line":24,"column":8},"end":{"line":24,"column":54}},"7":{"start":{"line":24,"column":47},"end":{"line":24,"column":54}},"8":{"start":{"line":27,"column":8},"end":{"line":27,"column":100}},"9":{"start":{"line":31,"column":8},"end":{"line":34,"column":11}},"10":{"start":{"line":36,"column":8},"end":{"line":36,"column":78}},"11":{"start":{"line":44,"column":8},"end":{"line":66,"column":9}},"12":{"start":{"line":45,"column":12},"end":{"line":65,"column":13}},"13":{"start":{"line":47,"column":16},"end":{"line":58,"column":19}},"14":{"start":{"line":59,"column":16},"end":{"line":59,"column":89}},"15":{"start":{"line":60,"column":16},"end":{"line":60,"column":23}},"16":{"start":{"line":63,"column":16},"end":{"line":63,"column":47}},"17":{"start":{"line":64,"column":16},"end":{"line":64,"column":87}},"18":{"start":{"line":72,"column":8},"end":{"line":72,"column":39}},"19":{"start":{"line":73,"column":8},"end":{"line":73,"column":97}}},"fnMap":{"0":{"name":"(anonymous_0)","decl":{"start":{"line":10,"column":30},"end":{"line":10,"column":35}},"loc":{"start":{"line":10,"column":42},"end":{"line":75,"column":1}}}},"branchMap":{"0":{"loc":{"start":{"line":12,"column":4},"end":{"line":14,"column":5}},"type":"if","locations":[{"start":{"line":12,"column":4},"end":{"line":14,"column":5}},{"start":{},"end":{}}]},"1":{"loc":{"start":{"line":24,"column":8},"end":{"line":24,"column":54}},"type":"if","locations":[{"start":{"line":24,"column":8},"end":{"line":24,"column":54}},{"start":{},"end":{}}]},"2":{"loc":{"start":{"line":44,"column":8},"end":{"line":66,"column":9}},"type":"if","locations":[{"start":{"line":44,"column":8},"end":{"line":66,"column":9}},{"start":{},"end":{}}]}},"s":{"0":0,"1":0,"2":0,"3":0,"4":0,"5":0,"6":0,"7":0,"8":0,"9":0,"10":0,"11":0,"12":0,"13":0,"14":0,"15":0,"16":0,"17":0,"18":0,"19":0},"f":{"0":0},"b":{"0":[0,0],"1":[0,0],"2":[0,0]}}
,"D:/New folder (2)/IE213_FE/src/utils/formater.js": {"path":"D:/New folder (2)/IE213_FE/src/utils/formater.js","statementMap":{"0":{"start":{"line":8,"column":28},"end":{"line":12,"column":1}},"1":{"start":{"line":9,"column":4},"end":{"line":11,"column":7}},"2":{"start":{"line":20,"column":27},"end":{"line":30,"column":1}},"3":{"start":{"line":22,"column":4},"end":{"line":22,"column":25}},"4":{"start":{"line":22,"column":15},"end":{"line":22,"column":25}},"5":{"start":{"line":24,"column":4},"end":{"line":29,"column":23}},"6":{"start":{"line":26,"column":20},"end":{"line":26,"column":24}}},"fnMap":{"0":{"name":"(anonymous_0)","decl":{"start":{"line":8,"column":28},"end":{"line":8,"column":29}},"loc":{"start":{"line":8,"column":38},"end":{"line":12,"column":1}}},"1":{"name":"(anonymous_1)","decl":{"start":{"line":20,"column":27},"end":{"line":20,"column":28}},"loc":{"start":{"line":20,"column":37},"end":{"line":30,"column":1}}},"2":{"name":"(anonymous_2)","decl":{"start":{"line":26,"column":13},"end":{"line":26,"column":14}},"loc":{"start":{"line":26,"column":20},"end":{"line":26,"column":24}}}},"branchMap":{"0":{"loc":{"start":{"line":22,"column":4},"end":{"line":22,"column":25}},"type":"if","locations":[{"start":{"line":22,"column":4},"end":{"line":22,"column":25}},{"start":{},"end":{}}]}},"s":{"0":0,"1":0,"2":0,"3":0,"4":0,"5":0,"6":0},"f":{"0":0,"1":0,"2":0},"b":{"0":[0,0]}}
,"D:/New folder (2)/IE213_FE/src/utils/swichToSepolia.js": {"path":"D:/New folder (2)/IE213_FE/src/utils/swichToSepolia.js","statementMap":{"0":{"start":{"line":8,"column":31},"end":{"line":75,"column":1}},"1":{"start":{"line":10,"column":4},"end":{"line":10,"column":39}},"2":{"start":{"line":10,"column":26},"end":{"line":10,"column":39}},"3":{"start":{"line":13,"column":27},"end":{"line":13,"column":37}},"4":{"start":{"line":15,"column":4},"end":{"line":74,"column":5}},"5":{"start":{"line":17,"column":31},"end":{"line":17,"column":87}},"6":{"start":{"line":20,"column":8},"end":{"line":20,"column":59}},"7":{"start":{"line":20,"column":47},"end":{"line":20,"column":59}},"8":{"start":{"line":22,"column":8},"end":{"line":22,"column":91}},"9":{"start":{"line":26,"column":8},"end":{"line":29,"column":11}},"10":{"start":{"line":31,"column":8},"end":{"line":31,"column":78}},"11":{"start":{"line":32,"column":8},"end":{"line":32,"column":20}},"12":{"start":{"line":40,"column":8},"end":{"line":67,"column":9}},"13":{"start":{"line":41,"column":12},"end":{"line":66,"column":13}},"14":{"start":{"line":43,"column":16},"end":{"line":58,"column":19}},"15":{"start":{"line":59,"column":16},"end":{"line":59,"column":94}},"16":{"start":{"line":60,"column":16},"end":{"line":60,"column":28}},"17":{"start":{"line":63,"column":16},"end":{"line":63,"column":83}},"18":{"start":{"line":64,"column":16},"end":{"line":64,"column":92}},"19":{"start":{"line":65,"column":16},"end":{"line":65,"column":29}},"20":{"start":{"line":71,"column":8},"end":{"line":71,"column":68}},"21":{"start":{"line":72,"column":8},"end":{"line":72,"column":88}},"22":{"start":{"line":73,"column":8},"end":{"line":73,"column":21}}},"fnMap":{"0":{"name":"(anonymous_0)","decl":{"start":{"line":8,"column":31},"end":{"line":8,"column":36}},"loc":{"start":{"line":8,"column":43},"end":{"line":75,"column":1}}}},"branchMap":{"0":{"loc":{"start":{"line":10,"column":4},"end":{"line":10,"column":39}},"type":"if","locations":[{"start":{"line":10,"column":4},"end":{"line":10,"column":39}},{"start":{},"end":{}}]},"1":{"loc":{"start":{"line":20,"column":8},"end":{"line":20,"column":59}},"type":"if","locations":[{"start":{"line":20,"column":8},"end":{"line":20,"column":59}},{"start":{},"end":{}}]},"2":{"loc":{"start":{"line":40,"column":8},"end":{"line":67,"column":9}},"type":"if","locations":[{"start":{"line":40,"column":8},"end":{"line":67,"column":9}},{"start":{},"end":{}}]}},"s":{"0":0,"1":0,"2":0,"3":0,"4":0,"5":0,"6":0,"7":0,"8":0,"9":0,"10":0,"11":0,"12":0,"13":0,"14":0,"15":0,"16":0,"17":0,"18":0,"19":0,"20":0,"21":0,"22":0},"f":{"0":0},"b":{"0":[0,0],"1":[0,0],"2":[0,0]}}
}
